[2014-07-17 14:01:36.662] : Laden des Servers....
[2014-07-17 14:01:36.662] : Server erfolgreich erstellt..
[2014-07-17 14:01:36.662] : Der Server läuft und hört auf Port:9998
[2014-07-17 14:01:36.662] : Es wurde die AI: Joernson geladen.
[2014-07-17 14:01:36.662] : Server wartet auf Verbindungen...
[2014-07-17 14:04:36.084] : Verbindung hergestellt:/127.0.0.1:9998
[2014-07-17 14:04:36.084] : Der Client /127.0.0.1:9998 wurde verbunden
[2014-07-17 14:04:36.084] : Warten auf die Map
[2014-07-17 14:04:36.084] : 9
[2014-07-17 14:04:36.084] : V 0 R 100 100
[2014-07-17 14:04:36.099] : V 1 N 250 100
[2014-07-17 14:04:36.099] : V 2 N 400 100
[2014-07-17 14:04:36.099] : V 3 N 100 250
[2014-07-17 14:04:36.099] : V 4 N 250 250
[2014-07-17 14:04:36.099] : V 5 N 400 250
[2014-07-17 14:04:36.099] : V 6 N 100 400
[2014-07-17 14:04:36.099] : V 7 N 250 400
[2014-07-17 14:04:36.099] : V 8 C 400 400
[2014-07-17 14:04:36.099] : E 0 1
[2014-07-17 14:04:36.099] : E 1 2
[2014-07-17 14:04:36.099] : E 3 4
[2014-07-17 14:04:36.099] : E 4 5
[2014-07-17 14:04:36.099] : E 6 7
[2014-07-17 14:04:36.099] : E 7 8
[2014-07-17 14:04:36.099] : E 0 3
[2014-07-17 14:04:36.099] : E 3 6
[2014-07-17 14:04:36.099] : E 1 4
[2014-07-17 14:04:36.099] : E 4 7
[2014-07-17 14:04:36.099] : E 2 5
[2014-07-17 14:04:36.099] : E 5 8 
[2014-07-17 14:04:36.099] : R 4
[2014-07-17 14:04:36.099] : Prüfen der Map
[2014-07-17 14:04:36.115] : RNNNNNNNC
[2014-07-17 14:04:36.115] : Ok...
[2014-07-17 14:04:36.115] : Beginnen des Spiels
[2014-07-17 14:04:36.115] : < R 4
[2014-07-17 14:04:36.115] : RNNNRNNNC
[2014-07-17 14:04:36.115] : > C 2
[2014-07-17 14:04:36.115] : RNCNRNNNC
[2014-07-17 14:04:36.115] : < R 6
[2014-07-17 14:04:36.115] : RNCNRNRNC
[2014-07-17 14:04:36.115] : > C 3
[2014-07-17 14:04:36.13] : RNCNRNRNC
[2014-07-17 14:04:36.13] : < R X
[2014-07-17 14:04:36.13] : RNCNRNRNC
[2014-07-17 14:04:36.13] : ==============================
[2014-07-17 14:04:36.13] : Das Spiel wurde beendet
[2014-07-17 14:04:36.13] : Rom: 4
[2014-07-17 14:04:36.13] : Kathargo: 2
