[2014-07-23 16:42:57.478] : > C 1
[2014-07-23 16:42:57.479] : CNNR
[2014-07-23 16:42:57.48] : < R 3
[2014-07-23 16:42:57.48] : CNNR
[2014-07-23 16:42:57.48] : ==============================
[2014-07-23 16:42:57.48] : Das Spiel wurde beendet
[2014-07-23 16:42:57.481] : Rom: 1
[2014-07-23 16:42:57.481] : Kathargo: 1
7.478] : Verbindung hergestellt:/127.0.0.1:10002
[2014-07-23 16:42:57.478] : Der Client /127.0.0.1:10002 wurde verbunden
[2014-07-23 16:42:57.478] : Warten auf die Map
[2014-07-23 16:42:57.478] : 4
[2014-07-23 16:42:57.478] : V 0 C 350 125
[2014-07-23 16:42:57.478] : V 1 N 250 275
[2014-07-23 16:42:57.478] : V 2 N 350 275
[2014-07-23 16:42:57.478] : V 3 R 250 425
[2014-07-23 16:42:57.479] : E 0 1
[2014-07-23 16:42:57.479] : E 1 2
[2014-07-23 16:42:57.479] : E 2 3
[2014-07-23 16:42:57.479] : C 1
[2014-07-23 16:42:57.479] : Prüfen der Map
[2014-07-23 16:42:57.479] : CNNR
[2014-07-23 16:42:57.479] : Ok...
[2014-07-23 16:42:57.479] : Beginnen des Spiels
[2014-07-23 16:42:57.479] : < C 1
[2014-07-23 16:42:57.479] : CNNR
[2014-07-23 16:42:57.48] : > R 3
[2014-07-23 16:42:57.48] : CNNR
[2014-07-23 16:42:57.48] : ==============================
[2014-07-23 16:42:57.48] : Das Spiel wurde beendet
[2014-07-23 16:42:57.48] : Rom: 1
[2014-07-23 16:42:57.48] : Kathargo: 1
