[2014-07-12 18:45:06.547] : Laden des Servers....
[2014-07-12 18:45:06.547] : Server erfolgreich erstellt..
[2014-07-12 18:45:06.547] : Der Server läuft und hört auf Port:8888
[2014-07-12 18:45:06.548] : Es wurde die AI: C geladen.
[2014-07-12 18:45:06.548] : Server wartet auf Verbindungen...
[2014-07-12 18:45:15.224] : Verbindung hergestellt:/127.0.0.1:8888
[2014-07-12 18:45:15.225] : Der Client /127.0.0.1:8888 wurde verbunden
[2014-07-12 18:45:15.225] : Warten auf die Map
[2014-07-12 18:45:15.263] : 10
[2014-07-12 18:45:15.263] : V 0 N 300 500
[2014-07-12 18:45:15.264] : V 1 N 300 100
[2014-07-12 18:45:15.264] : V 2 N 213 150
[2014-07-12 18:45:15.264] : V 3 N 387 150
[2014-07-12 18:45:15.265] : V 4 R 213 250
[2014-07-12 18:45:15.265] : V 5 R 387 250
[2014-07-12 18:45:15.265] : V 6 R 300 300
[2014-07-12 18:45:15.266] : V 7 N 213 350
[2014-07-12 18:45:15.266] : V 8 N 387 350
[2014-07-12 18:45:15.266] : V 9 C 300 400
[2014-07-12 18:45:15.267] : E 0 9
[2014-07-12 18:45:15.267] : E 1 2
[2014-07-12 18:45:15.267] : E 1 3
[2014-07-12 18:45:15.267] : E 1 6
[2014-07-12 18:45:15.268] : E 2 3
[2014-07-12 18:45:15.268] : E 2 4
[2014-07-12 18:45:15.268] : E 2 5
[2014-07-12 18:45:15.268] : E 2 6
[2014-07-12 18:45:15.269] : E 3 4
[2014-07-12 18:45:15.269] : E 3 5
[2014-07-12 18:45:15.269] : E 3 6
[2014-07-12 18:45:15.269] : E 4 5
[2014-07-12 18:45:15.27] : E 4 6
[2014-07-12 18:45:15.27] : E 4 7
[2014-07-12 18:45:15.27] : E 5 6
[2014-07-12 18:45:15.27] : E 5 8
[2014-07-12 18:45:15.27] : E 6 7
[2014-07-12 18:45:15.27] : E 6 8
[2014-07-12 18:45:15.271] : E 6 9
[2014-07-12 18:45:15.271] : E 7 8
[2014-07-12 18:45:15.271] : E 7 9
[2014-07-12 18:45:15.271] : E 8 9
[2014-07-12 18:45:15.273] : R 8
[2014-07-12 18:45:15.273] : Prüfen der Map
[2014-07-12 18:45:15.28] : NNNNRRRNNC
[2014-07-12 18:45:15.28] : Ok...
[2014-07-12 18:45:15.28] : Beginnen des Spiels
[2014-07-12 18:45:15.28] : < R 8
[2014-07-12 18:45:15.282] : NNNNRRRNRC
[2014-07-12 18:45:15.291] : > C 9
[2014-07-12 18:45:15.292] : CCCCCNNCNC
[2014-07-12 18:45:15.297] : < R 7
[2014-07-12 18:45:15.298] : CCCCCNNCNC
[2014-07-12 18:45:15.302] : > C 9
[2014-07-12 18:45:15.302] : CCCCCCNCCC
[2014-07-12 18:45:15.308] : < R 3
[2014-07-12 18:45:15.308] : CCCCCCNCCC
[2014-07-12 18:45:15.31] : > C 9
[2014-07-12 18:45:15.31] : CCCCCCNCCC
[2014-07-12 18:45:15.317] : < R 2
[2014-07-12 18:45:15.317] : CCCCCCNCCC
[2014-07-12 18:45:15.319] : > C 9
[2014-07-12 18:45:15.319] : CCCCCCNCCC
[2014-07-12 18:45:15.323] : < R 1
[2014-07-12 18:45:15.323] : CCCCCCNCCC
[2014-07-12 18:45:15.325] : > C 9
[2014-07-12 18:45:15.325] : CCCCCCNCCC
[2014-07-12 18:45:15.328] : < R 1
[2014-07-12 18:45:15.328] : CCCCCCNCCC
[2014-07-12 18:45:15.33] : > C 9
[2014-07-12 18:45:15.33] : CCCCCCNCCC
[2014-07-12 18:45:15.332] : < R 1
[2014-07-12 18:45:15.332] : CCCCCCNCCC
[2014-07-12 18:45:15.333] : > C 9
[2014-07-12 18:45:15.334] : CCCCCCNCCC
[2014-07-12 18:45:15.337] : Der Gegner hat keinen Zug gemacht, sondern: null
[2014-07-12 18:45:15.338] : ==============================
[2014-07-12 18:45:15.338] : Das Spiel wurde beendet
[2014-07-12 18:45:15.338] : Rom: 0
[2014-07-12 18:45:15.338] : Kathargo: 10
