[2014-07-12 18:37:08.025] : Laden des Servers....
[2014-07-12 18:37:08.026] : Server erfolgreich erstellt..
[2014-07-12 18:37:08.026] : Der Server läuft und hört auf Port:8888
[2014-07-12 18:37:08.026] : Es wurde die AI: C geladen.
[2014-07-12 18:37:08.026] : Server wartet auf Verbindungen...
[2014-07-12 18:37:16.013] : Verbindung hergestellt:/127.0.0.1:8888
[2014-07-12 18:37:16.014] : Der Client /127.0.0.1:8888 wurde verbunden
[2014-07-12 18:37:16.014] : Warten auf die Map
[2014-07-12 18:37:16.049] : 10
[2014-07-12 18:37:16.049] : V 0 N 300 500
[2014-07-12 18:37:16.049] : V 1 N 300 100
[2014-07-12 18:37:16.05] : V 2 N 213 150
[2014-07-12 18:37:16.05] : V 3 N 387 150
[2014-07-12 18:37:16.05] : V 4 R 213 250
[2014-07-12 18:37:16.051] : V 5 R 387 250
[2014-07-12 18:37:16.051] : V 6 R 300 300
[2014-07-12 18:37:16.052] : V 7 N 213 350
[2014-07-12 18:37:16.052] : V 8 N 387 350
[2014-07-12 18:37:16.052] : V 9 C 300 400
[2014-07-12 18:37:16.053] : E 0 9
[2014-07-12 18:37:16.053] : E 1 2
[2014-07-12 18:37:16.053] : E 1 3
[2014-07-12 18:37:16.054] : E 1 6
[2014-07-12 18:37:16.054] : E 2 3
[2014-07-12 18:37:16.054] : E 2 4
[2014-07-12 18:37:16.054] : E 2 5
[2014-07-12 18:37:16.054] : E 2 6
[2014-07-12 18:37:16.054] : E 3 4
[2014-07-12 18:37:16.054] : E 3 5
[2014-07-12 18:37:16.055] : E 3 6
[2014-07-12 18:37:16.055] : E 4 5
[2014-07-12 18:37:16.055] : E 4 6
[2014-07-12 18:37:16.055] : E 4 7
[2014-07-12 18:37:16.055] : E 5 6
[2014-07-12 18:37:16.056] : E 5 8
[2014-07-12 18:37:16.056] : E 6 7
[2014-07-12 18:37:16.056] : E 6 8
[2014-07-12 18:37:16.056] : E 6 9
[2014-07-12 18:37:16.057] : E 7 8
[2014-07-12 18:37:16.057] : E 7 9
[2014-07-12 18:37:16.057] : E 8 9
[2014-07-12 18:37:16.059] : R 8
[2014-07-12 18:37:16.059] : Prüfen der Map
[2014-07-12 18:37:16.065] : Ok... 
Beginnen des Spiels
[2014-07-12 18:37:16.065] : < R 8
[2014-07-12 18:37:16.078] : > C 9
[2014-07-12 18:37:16.084] : < R 7
[2014-07-12 18:37:16.089] : > C 9
[2014-07-12 18:37:16.092] : < R 3
[2014-07-12 18:37:16.094] : > C 9
[2014-07-12 18:37:16.1] : < R 2
[2014-07-12 18:37:16.102] : > C 9
[2014-07-12 18:37:16.106] : < R 1
[2014-07-12 18:37:16.108] : > C 9
[2014-07-12 18:37:16.11] : < R 1
[2014-07-12 18:37:16.112] : > C 9
[2014-07-12 18:37:16.116] : < R 1
[2014-07-12 18:37:16.117] : > C 9
[2014-07-12 18:37:16.118] : Der Gegner hat keinen Zug gemacht, sondern: null
[2014-07-12 18:37:16.119] : ==============================
[2014-07-12 18:37:16.119] : Das Spiel wurde beendet
[2014-07-12 18:37:16.119] : Rom: 0
[2014-07-12 18:37:16.119] : Kathargo: 10
