[2014-07-12 18:41:09.472] : Laden des Servers....
[2014-07-12 18:41:09.473] : Server erfolgreich erstellt..
[2014-07-12 18:41:09.473] : Der Server läuft und hört auf Port:8888
[2014-07-12 18:41:09.473] : Es wurde die AI: C geladen.
[2014-07-12 18:41:09.473] : Server wartet auf Verbindungen...
[2014-07-12 18:41:19.273] : Verbindung hergestellt:/127.0.0.1:8888
[2014-07-12 18:41:19.275] : Der Client /127.0.0.1:8888 wurde verbunden
[2014-07-12 18:41:19.275] : Warten auf die Map
[2014-07-12 18:41:19.314] : 10
[2014-07-12 18:41:19.314] : V 0 N 300 500
[2014-07-12 18:41:19.314] : V 1 N 300 100
[2014-07-12 18:41:19.315] : V 2 N 213 150
[2014-07-12 18:41:19.315] : V 3 N 387 150
[2014-07-12 18:41:19.315] : V 4 R 213 250
[2014-07-12 18:41:19.316] : V 5 R 387 250
[2014-07-12 18:41:19.316] : V 6 R 300 300
[2014-07-12 18:41:19.317] : V 7 N 213 350
[2014-07-12 18:41:19.317] : V 8 N 387 350
[2014-07-12 18:41:19.318] : V 9 C 300 400
[2014-07-12 18:41:19.318] : E 0 9
[2014-07-12 18:41:19.318] : E 1 2
[2014-07-12 18:41:19.319] : E 1 3
[2014-07-12 18:41:19.319] : E 1 6
[2014-07-12 18:41:19.319] : E 2 3
[2014-07-12 18:41:19.319] : E 2 4
[2014-07-12 18:41:19.319] : E 2 5
[2014-07-12 18:41:19.32] : E 2 6
[2014-07-12 18:41:19.32] : E 3 4
[2014-07-12 18:41:19.32] : E 3 5
[2014-07-12 18:41:19.32] : E 3 6
[2014-07-12 18:41:19.32] : E 4 5
[2014-07-12 18:41:19.321] : E 4 6
[2014-07-12 18:41:19.321] : E 4 7
[2014-07-12 18:41:19.321] : E 5 6
[2014-07-12 18:41:19.322] : E 5 8
[2014-07-12 18:41:19.322] : E 6 7
[2014-07-12 18:41:19.322] : E 6 8
[2014-07-12 18:41:19.322] : E 6 9
[2014-07-12 18:41:19.322] : E 7 8
[2014-07-12 18:41:19.322] : E 7 9
[2014-07-12 18:41:19.322] : E 8 9
[2014-07-12 18:41:19.324] : R 8
[2014-07-12 18:41:19.324] : Prüfen der Map
[2014-07-12 18:41:19.331] : Ok... 
Beginnen des Spiels
[2014-07-12 18:41:19.331] : < R 8
[2014-07-12 18:41:19.345] : > C 9
[2014-07-12 18:41:19.352] : < R 7
[2014-07-12 18:41:19.356] : > C 9
[2014-07-12 18:41:19.364] : < R 3
[2014-07-12 18:41:19.366] : > C 9
[2014-07-12 18:41:19.37] : < R 2
[2014-07-12 18:41:19.372] : > C 9
[2014-07-12 18:41:19.375] : < R 1
[2014-07-12 18:41:19.376] : > C 9
[2014-07-12 18:41:19.382] : < R 1
[2014-07-12 18:41:19.384] : > C 9
[2014-07-12 18:41:19.389] : < R 1
[2014-07-12 18:41:19.39] : > C 9
[2014-07-12 18:41:19.394] : Der Gegner hat keinen Zug gemacht, sondern: null
[2014-07-12 18:41:19.395] : ==============================
[2014-07-12 18:41:19.395] : Das Spiel wurde beendet
[2014-07-12 18:41:19.395] : Rom: 0
[2014-07-12 18:41:19.395] : Kathargo: 10
