[2014-07-12 18:45:15.218] : > R 8
[2014-07-12 18:45:15.218] : NNNNRRRNNC
[2014-07-12 18:45:15.293] : < C 9
[2014-07-12 18:45:15.293] : NNNNRRRNRC
[2014-07-12 18:45:15.294] : > R 7
[2014-07-12 18:45:15.294] : NNNNRRRNRC
[2014-07-12 18:45:15.303] : < C 9
[2014-07-12 18:45:15.304] : NNNNRRRRRC
[2014-07-12 18:45:15.304] : > R 3
[2014-07-12 18:45:15.304] : NNNNRRRRRC
[2014-07-12 18:45:15.311] : < C 9
[2014-07-12 18:45:15.311] : NNNRRRRRRC
[2014-07-12 18:45:15.311] : > R 2
[2014-07-12 18:45:15.313] : NNNRRRRRRC
[2014-07-12 18:45:15.321] : < C 9
[2014-07-12 18:45:15.321] : NNRRRRRRRC
[2014-07-12 18:45:15.321] : > R 1
[2014-07-12 18:45:15.321] : NNRRRRRRRC
[2014-07-12 18:45:15.326] : < C 9
[2014-07-12 18:45:15.326] : NNRRRRRRRC
[2014-07-12 18:45:15.327] : > R 1
[2014-07-12 18:45:15.327] : NNRRRRRRRC
[2014-07-12 18:45:15.331] : < C 9
[2014-07-12 18:45:15.331] : NNRRRRRRRC
[2014-07-12 18:45:15.331] : > R 1
[2014-07-12 18:45:15.331] : NNRRRRRRRC
[2014-07-12 18:45:15.335] : Der Gegner hat keinen Zug gemacht, sondern: null
[2014-07-12 18:45:15.335] : Die Mechanik meint: true
[2014-07-12 18:45:15.336] : Das Spiel wurde beendet
[2014-07-12 18:45:15.336] : Rom: 8
[2014-07-12 18:45:15.336] : Kathargo: 2
