[2014-07-12 18:28:31.369] : Senden des Zuges: R 8
[2014-07-12 18:28:31.37] : Die Map: NNNNRRRNNC
[2014-07-12 18:28:31.447] : Lesen des Zuges: C 9
[2014-07-12 18:28:31.447] : Die Map: NNNNRRRNRC
[2014-07-12 18:28:31.447] : ====
[2014-07-12 18:28:31.447] : Die Logik sagt: true
[2014-07-12 18:28:31.447] : ====
[2014-07-12 18:28:31.447] : Senden des Zuges: R 7
[2014-07-12 18:28:31.447] : Die Map: NNNNRRRNRC
[2014-07-12 18:28:31.458] : Lesen des Zuges: C 9
[2014-07-12 18:28:31.458] : Die Map: NNNNRRRRRC
[2014-07-12 18:28:31.458] : ====
[2014-07-12 18:28:31.458] : Die Logik sagt: true
[2014-07-12 18:28:31.458] : ====
[2014-07-12 18:28:31.458] : Senden des Zuges: R 3
[2014-07-12 18:28:31.459] : Die Map: NNNNRRRRRC
[2014-07-12 18:28:31.466] : Lesen des Zuges: C 9
[2014-07-12 18:28:31.466] : Die Map: NNNRRRRRRC
[2014-07-12 18:28:31.466] : ====
[2014-07-12 18:28:31.466] : Die Logik sagt: true
[2014-07-12 18:28:31.466] : ====
[2014-07-12 18:28:31.466] : Senden des Zuges: R 2
[2014-07-12 18:28:31.467] : Die Map: NNNRRRRRRC
[2014-07-12 18:28:31.473] : Lesen des Zuges: C 9
[2014-07-12 18:28:31.473] : Die Map: NNRRRRRRRC
[2014-07-12 18:28:31.473] : ====
[2014-07-12 18:28:31.473] : Die Logik sagt: true
[2014-07-12 18:28:31.473] : ====
[2014-07-12 18:28:31.473] : Senden des Zuges: R 1
[2014-07-12 18:28:31.474] : Die Map: NNRRRRRRRC
[2014-07-12 18:28:31.479] : Lesen des Zuges: C 9
[2014-07-12 18:28:31.48] : Die Map: NNRRRRRRRC
[2014-07-12 18:28:31.48] : ====
[2014-07-12 18:28:31.48] : Die Logik sagt: true
[2014-07-12 18:28:31.48] : ====
[2014-07-12 18:28:31.48] : Senden des Zuges: R 1
[2014-07-12 18:28:31.48] : Die Map: NNRRRRRRRC
[2014-07-12 18:28:31.483] : Lesen des Zuges: C 9
[2014-07-12 18:28:31.483] : Die Map: NNRRRRRRRC
[2014-07-12 18:28:31.483] : ====
[2014-07-12 18:28:31.483] : Die Logik sagt: true
[2014-07-12 18:28:31.483] : ====
[2014-07-12 18:28:31.483] : Senden des Zuges: R 1
[2014-07-12 18:28:31.484] : Die Map: NNRRRRRRRC
[2014-07-12 18:28:31.488] : Der Gegner hat keinen Zug gemacht, sondern: null
[2014-07-12 18:28:31.488] : Die Mechanik meint: true
[2014-07-12 18:28:31.488] : Das Spiel wurde beendet
[2014-07-12 18:28:31.489] : Rom: 8
[2014-07-12 18:28:31.489] : Kathargo: 2
