[2014-07-12 18:37:16.006] : > R 8
[2014-07-12 18:37:16.007] : Die Map: NNNNRRRNNC
[2014-07-12 18:37:16.08] : < C 9
[2014-07-12 18:37:16.08] : Die Map: NNNNRRRNRC
[2014-07-12 18:37:16.08] : ====
[2014-07-12 18:37:16.08] : Die Logik sagt: true
[2014-07-12 18:37:16.08] : ====
[2014-07-12 18:37:16.08] : > R 7
[2014-07-12 18:37:16.08] : Die Map: NNNNRRRNRC
[2014-07-12 18:37:16.09] : < C 9
[2014-07-12 18:37:16.091] : Die Map: NNNNRRRRRC
[2014-07-12 18:37:16.091] : ====
[2014-07-12 18:37:16.091] : Die Logik sagt: true
[2014-07-12 18:37:16.091] : ====
[2014-07-12 18:37:16.091] : > R 3
[2014-07-12 18:37:16.091] : Die Map: NNNNRRRRRC
[2014-07-12 18:37:16.097] : < C 9
[2014-07-12 18:37:16.097] : Die Map: NNNRRRRRRC
[2014-07-12 18:37:16.098] : ====
[2014-07-12 18:37:16.098] : Die Logik sagt: true
[2014-07-12 18:37:16.098] : ====
[2014-07-12 18:37:16.098] : > R 2
[2014-07-12 18:37:16.098] : Die Map: NNNRRRRRRC
[2014-07-12 18:37:16.103] : < C 9
[2014-07-12 18:37:16.104] : Die Map: NNRRRRRRRC
[2014-07-12 18:37:16.104] : ====
[2014-07-12 18:37:16.104] : Die Logik sagt: true
[2014-07-12 18:37:16.104] : ====
[2014-07-12 18:37:16.104] : > R 1
[2014-07-12 18:37:16.104] : Die Map: NNRRRRRRRC
[2014-07-12 18:37:16.109] : < C 9
[2014-07-12 18:37:16.109] : Die Map: NNRRRRRRRC
[2014-07-12 18:37:16.109] : ====
[2014-07-12 18:37:16.109] : Die Logik sagt: true
[2014-07-12 18:37:16.109] : ====
[2014-07-12 18:37:16.109] : > R 1
[2014-07-12 18:37:16.111] : Die Map: NNRRRRRRRC
[2014-07-12 18:37:16.113] : < C 9
[2014-07-12 18:37:16.113] : Die Map: NNRRRRRRRC
[2014-07-12 18:37:16.114] : ====
[2014-07-12 18:37:16.114] : Die Logik sagt: true
[2014-07-12 18:37:16.114] : ====
[2014-07-12 18:37:16.114] : > R 1
[2014-07-12 18:37:16.114] : Die Map: NNRRRRRRRC
[2014-07-12 18:37:16.118] : Der Gegner hat keinen Zug gemacht, sondern: null
[2014-07-12 18:37:16.118] : Die Mechanik meint: true
[2014-07-12 18:37:16.119] : Das Spiel wurde beendet
[2014-07-12 18:37:16.119] : Rom: 8
[2014-07-12 18:37:16.119] : Kathargo: 2
