[2014-07-12 18:28:14.145] : Laden des Servers....
[2014-07-12 18:28:14.145] : Server erfolgreich erstellt..
[2014-07-12 18:28:14.145] : Der Server läuft und hört auf Port:8888
[2014-07-12 18:28:14.145] : Es wurde die AI: C geladen.
[2014-07-12 18:28:14.145] : Server wartet auf Verbindungen...
[2014-07-12 18:28:31.375] : Verbindung hergestellt:/127.0.0.1:8888
[2014-07-12 18:28:31.376] : Der Client /127.0.0.1:8888 wurde verbunden
[2014-07-12 18:28:31.377] : Warten auf die Map
[2014-07-12 18:28:31.415] : 10
[2014-07-12 18:28:31.415] : V 0 N 300 500
[2014-07-12 18:28:31.416] : V 1 N 300 100
[2014-07-12 18:28:31.416] : V 2 N 213 150
[2014-07-12 18:28:31.416] : V 3 N 387 150
[2014-07-12 18:28:31.416] : V 4 R 213 250
[2014-07-12 18:28:31.416] : V 5 R 387 250
[2014-07-12 18:28:31.417] : V 6 R 300 300
[2014-07-12 18:28:31.417] : V 7 N 213 350
[2014-07-12 18:28:31.417] : V 8 N 387 350
[2014-07-12 18:28:31.418] : V 9 C 300 400
[2014-07-12 18:28:31.418] : E 0 9
[2014-07-12 18:28:31.418] : E 1 2
[2014-07-12 18:28:31.418] : E 1 3
[2014-07-12 18:28:31.419] : E 1 6
[2014-07-12 18:28:31.419] : E 2 3
[2014-07-12 18:28:31.419] : E 2 4
[2014-07-12 18:28:31.419] : E 2 5
[2014-07-12 18:28:31.419] : E 2 6
[2014-07-12 18:28:31.419] : E 3 4
[2014-07-12 18:28:31.42] : E 3 5
[2014-07-12 18:28:31.42] : E 3 6
[2014-07-12 18:28:31.42] : E 4 5
[2014-07-12 18:28:31.42] : E 4 6
[2014-07-12 18:28:31.421] : E 4 7
[2014-07-12 18:28:31.421] : E 5 6
[2014-07-12 18:28:31.421] : E 5 8
[2014-07-12 18:28:31.421] : E 6 7
[2014-07-12 18:28:31.421] : E 6 8
[2014-07-12 18:28:31.422] : E 6 9
[2014-07-12 18:28:31.422] : E 7 8
[2014-07-12 18:28:31.422] : E 7 9
[2014-07-12 18:28:31.422] : E 8 9
[2014-07-12 18:28:31.424] : R 8
[2014-07-12 18:28:31.424] : Prüfen der Map
[2014-07-12 18:28:31.432] : Ok... 
Beginnen des Spiels
[2014-07-12 18:28:31.432] : Der Gegner macht den Zug: R 8
[2014-07-12 18:28:31.445] : Senden des Zuges: C 9
[2014-07-12 18:28:31.451] : Der Gegner macht den Zug: R 7
[2014-07-12 18:28:31.456] : Senden des Zuges: C 9
[2014-07-12 18:28:31.462] : Der Gegner macht den Zug: R 3
[2014-07-12 18:28:31.465] : Senden des Zuges: C 9
[2014-07-12 18:28:31.469] : Der Gegner macht den Zug: R 2
[2014-07-12 18:28:31.471] : Senden des Zuges: C 9
[2014-07-12 18:28:31.476] : Der Gegner macht den Zug: R 1
[2014-07-12 18:28:31.478] : Senden des Zuges: C 9
[2014-07-12 18:28:31.481] : Der Gegner macht den Zug: R 1
[2014-07-12 18:28:31.482] : Senden des Zuges: C 9
[2014-07-12 18:28:31.485] : Der Gegner macht den Zug: R 1
[2014-07-12 18:28:31.486] : Senden des Zuges: C 9
[2014-07-12 18:28:31.49] : Der Gegner hat keinen Zug gemacht, sondern: null
[2014-07-12 18:28:31.491] : ==============================
[2014-07-12 18:28:31.491] : Das Spiel wurde beendet
[2014-07-12 18:28:31.491] : Rom: 0
[2014-07-12 18:28:31.491] : Kathargo: 10
