[2014-07-12 18:41:19.267] : > R 8
[2014-07-12 18:41:19.268] : NNNNRRRNNC
[2014-07-12 18:41:19.348] : < C 9
[2014-07-12 18:41:19.348] : NNNNRRRNRC
[2014-07-12 18:41:19.348] : > R 7
[2014-07-12 18:41:19.349] : NNNNRRRNRC
[2014-07-12 18:41:19.358] : < C 9
[2014-07-12 18:41:19.359] : NNNNRRRRRC
[2014-07-12 18:41:19.359] : > R 3
[2014-07-12 18:41:19.359] : NNNNRRRRRC
[2014-07-12 18:41:19.368] : < C 9
[2014-07-12 18:41:19.368] : NNNRRRRRRC
[2014-07-12 18:41:19.368] : > R 2
[2014-07-12 18:41:19.369] : NNNRRRRRRC
[2014-07-12 18:41:19.372] : < C 9
[2014-07-12 18:41:19.373] : NNRRRRRRRC
[2014-07-12 18:41:19.373] : > R 1
[2014-07-12 18:41:19.373] : NNRRRRRRRC
[2014-07-12 18:41:19.378] : < C 9
[2014-07-12 18:41:19.378] : NNRRRRRRRC
[2014-07-12 18:41:19.379] : > R 1
[2014-07-12 18:41:19.379] : NNRRRRRRRC
[2014-07-12 18:41:19.386] : < C 9
[2014-07-12 18:41:19.387] : NNRRRRRRRC
[2014-07-12 18:41:19.387] : > R 1
[2014-07-12 18:41:19.387] : NNRRRRRRRC
[2014-07-12 18:41:19.394] : Der Gegner hat keinen Zug gemacht, sondern: null
[2014-07-12 18:41:19.394] : Die Mechanik meint: true
[2014-07-12 18:41:19.395] : Das Spiel wurde beendet
[2014-07-12 18:41:19.395] : Rom: 8
[2014-07-12 18:41:19.395] : Kathargo: 2
