[2014-07-13 13:24:37.783] : > R 8
[2014-07-13 13:24:37.785] : NRNNNNNNRC
[2014-07-13 13:24:37.858] : < C 9
[2014-07-13 13:24:37.859] : NRNNNNNNRC
[2014-07-13 13:24:37.859] : > R 7
[2014-07-13 13:24:37.864] : NRNNNNNRRC
[2014-07-13 13:24:37.864] : < C 9
[2014-07-13 13:24:37.865] : NRNNNNNRRC
[2014-07-13 13:24:37.865] : > R 6
[2014-07-13 13:24:37.866] : NRNNNNRRRC
[2014-07-13 13:24:37.873] : < C 9
[2014-07-13 13:24:37.873] : NRNNNNRRRC
[2014-07-13 13:24:37.873] : > R 5
[2014-07-13 13:24:37.884] : NRNNNRRRRC
[2014-07-13 13:24:37.884] : < C 9
[2014-07-13 13:24:37.884] : NRNNNRRRRC
[2014-07-13 13:24:37.885] : > R 4
[2014-07-13 13:24:37.885] : NRNNRRRRRC
[2014-07-13 13:24:37.889] : < C 9
[2014-07-13 13:24:37.89] : NRNNRRRRRC
[2014-07-13 13:24:37.89] : > R 3
[2014-07-13 13:24:37.895] : NRNRRRRRRC
[2014-07-13 13:24:37.895] : < C 9
[2014-07-13 13:24:37.896] : NRNRRRRRRC
[2014-07-13 13:24:37.896] : > R 2
[2014-07-13 13:24:37.898] : NRNRRRRRRC
[2014-07-13 13:24:37.9] : < C 9
[2014-07-13 13:24:37.9] : NRNRRRRRRC
[2014-07-13 13:24:37.901] : > R 2
[2014-07-13 13:24:37.905] : NRNRRRRRRC
[2014-07-13 13:24:37.906] : < C 9
[2014-07-13 13:24:37.906] : NRNRRRRRRC
[2014-07-13 13:24:37.906] : > R 2
[2014-07-13 13:24:37.911] : NRNRRRRRRC
[2014-07-13 13:24:37.912] : Der Gegner hat keinen Zug gemacht, sondern: null
[2014-07-13 13:24:37.912] : Die Mechanik meint: true
[2014-07-13 13:24:37.914] : Das Spiel wurde beendet
[2014-07-13 13:24:37.915] : Rom: 8
[2014-07-13 13:24:37.915] : Kathargo: 2
