[2014-07-13 13:24:26.341] : Laden des Servers....
[2014-07-13 13:24:26.342] : Server erfolgreich erstellt..
[2014-07-13 13:24:26.343] : Der Server läuft und hört auf Port:8888
[2014-07-13 13:24:26.343] : Es wurde die AI: C geladen.
[2014-07-13 13:24:26.343] : Server wartet auf Verbindungen...
[2014-07-13 13:24:37.789] : Verbindung hergestellt:/127.0.0.1:8888
[2014-07-13 13:24:37.79] : Der Client /127.0.0.1:8888 wurde verbunden
[2014-07-13 13:24:37.791] : Warten auf die Map
[2014-07-13 13:24:37.829] : 10
[2014-07-13 13:24:37.829] : V 0 N 300 500
[2014-07-13 13:24:37.83] : V 1 R 300 100
[2014-07-13 13:24:37.83] : V 2 N 213 150
[2014-07-13 13:24:37.831] : V 3 N 387 150
[2014-07-13 13:24:37.831] : V 4 N 213 250
[2014-07-13 13:24:37.831] : V 5 N 387 250
[2014-07-13 13:24:37.832] : V 6 N 300 300
[2014-07-13 13:24:37.833] : V 7 N 213 350
[2014-07-13 13:24:37.833] : V 8 N 387 350
[2014-07-13 13:24:37.833] : V 9 C 300 400
[2014-07-13 13:24:37.833] : E 0 9
[2014-07-13 13:24:37.834] : E 1 2
[2014-07-13 13:24:37.834] : E 1 3
[2014-07-13 13:24:37.834] : E 1 6
[2014-07-13 13:24:37.834] : E 2 3
[2014-07-13 13:24:37.835] : E 2 4
[2014-07-13 13:24:37.835] : E 2 5
[2014-07-13 13:24:37.835] : E 2 6
[2014-07-13 13:24:37.835] : E 3 4
[2014-07-13 13:24:37.836] : E 3 5
[2014-07-13 13:24:37.836] : E 3 6
[2014-07-13 13:24:37.836] : E 4 5
[2014-07-13 13:24:37.837] : E 4 6
[2014-07-13 13:24:37.837] : E 4 7
[2014-07-13 13:24:37.837] : E 5 6
[2014-07-13 13:24:37.837] : E 5 8
[2014-07-13 13:24:37.838] : E 6 7
[2014-07-13 13:24:37.838] : E 6 8
[2014-07-13 13:24:37.838] : E 6 9
[2014-07-13 13:24:37.838] : E 7 8
[2014-07-13 13:24:37.838] : E 7 9
[2014-07-13 13:24:37.838] : E 8 9
[2014-07-13 13:24:37.84] : R 8
[2014-07-13 13:24:37.84] : Prüfen der Map
[2014-07-13 13:24:37.847] : NRNNNNNNNC
[2014-07-13 13:24:37.847] : Ok...
[2014-07-13 13:24:37.847] : Beginnen des Spiels
[2014-07-13 13:24:37.847] : < R 8
[2014-07-13 13:24:37.849] : NRNNNNNNRC
[2014-07-13 13:24:37.857] : > C 9
[2014-07-13 13:24:37.857] : CNCCCCCCNC
[2014-07-13 13:24:37.86] : < R 7
[2014-07-13 13:24:37.86] : CNCCCCCCNC
[2014-07-13 13:24:37.863] : > C 9
[2014-07-13 13:24:37.863] : CCCCCCCCNC
[2014-07-13 13:24:37.866] : < R 6
[2014-07-13 13:24:37.866] : CCCCCCCCNC
[2014-07-13 13:24:37.871] : > C 9
[2014-07-13 13:24:37.871] : CCCCCCCCNC
[2014-07-13 13:24:37.878] : < R 5
[2014-07-13 13:24:37.879] : CCCCCCCCNC
[2014-07-13 13:24:37.881] : > C 9
[2014-07-13 13:24:37.881] : CCCCCCCCNC
[2014-07-13 13:24:37.885] : < R 4
[2014-07-13 13:24:37.886] : CCCCCCCCNC
[2014-07-13 13:24:37.887] : > C 9
[2014-07-13 13:24:37.887] : CCCCCCCCNC
[2014-07-13 13:24:37.891] : < R 3
[2014-07-13 13:24:37.891] : CCCCCCCCNC
[2014-07-13 13:24:37.893] : > C 9
[2014-07-13 13:24:37.893] : CCCCCCCCNC
[2014-07-13 13:24:37.897] : < R 2
[2014-07-13 13:24:37.897] : CCCCCCCCNC
[2014-07-13 13:24:37.898] : > C 9
[2014-07-13 13:24:37.899] : CCCCCCCCNC
[2014-07-13 13:24:37.901] : < R 2
[2014-07-13 13:24:37.902] : CCCCCCCCNC
[2014-07-13 13:24:37.903] : > C 9
[2014-07-13 13:24:37.903] : CCCCCCCCNC
[2014-07-13 13:24:37.908] : < R 2
[2014-07-13 13:24:37.908] : CCCCCCCCNC
[2014-07-13 13:24:37.909] : > C 9
[2014-07-13 13:24:37.91] : CCCCCCCCNC
[2014-07-13 13:24:37.912] : Der Gegner hat keinen Zug gemacht, sondern: null
[2014-07-13 13:24:37.912] : ==============================
[2014-07-13 13:24:37.912] : Das Spiel wurde beendet
[2014-07-13 13:24:37.913] : Rom: 0
[2014-07-13 13:24:37.913] : Kathargo: 10
