[2014-07-13 13:41:53.001] : Laden des Servers....
[2014-07-13 13:41:53.002] : Server erfolgreich erstellt..
[2014-07-13 13:41:53.002] : Der Server läuft und hört auf Port:8888
[2014-07-13 13:41:53.002] : Es wurde die AI: C geladen.
[2014-07-13 13:41:53.002] : Server wartet auf Verbindungen...
[2014-07-13 13:42:08.101] : Verbindung hergestellt:/127.0.0.1:8888
[2014-07-13 13:42:08.102] : Der Client /127.0.0.1:8888 wurde verbunden
[2014-07-13 13:42:08.103] : Warten auf die Map
[2014-07-13 13:42:08.14] : 10
[2014-07-13 13:42:08.14] : V 0 N 300 500
[2014-07-13 13:42:08.14] : V 1 R 300 100
[2014-07-13 13:42:08.141] : V 2 N 213 150
[2014-07-13 13:42:08.141] : V 3 N 387 150
[2014-07-13 13:42:08.142] : V 4 N 213 250
[2014-07-13 13:42:08.142] : V 5 N 387 250
[2014-07-13 13:42:08.142] : V 6 N 300 300
[2014-07-13 13:42:08.145] : V 7 N 213 350
[2014-07-13 13:42:08.145] : V 8 N 387 350
[2014-07-13 13:42:08.145] : V 9 C 300 400
[2014-07-13 13:42:08.145] : E 0 9
[2014-07-13 13:42:08.145] : E 1 2
[2014-07-13 13:42:08.145] : E 1 3
[2014-07-13 13:42:08.145] : E 1 6
[2014-07-13 13:42:08.145] : E 2 3
[2014-07-13 13:42:08.146] : E 2 4
[2014-07-13 13:42:08.146] : E 2 5
[2014-07-13 13:42:08.146] : E 2 6
[2014-07-13 13:42:08.146] : E 3 4
[2014-07-13 13:42:08.146] : E 3 5
[2014-07-13 13:42:08.146] : E 3 6
[2014-07-13 13:42:08.147] : E 4 5
[2014-07-13 13:42:08.147] : E 4 6
[2014-07-13 13:42:08.147] : E 4 7
[2014-07-13 13:42:08.147] : E 5 6
[2014-07-13 13:42:08.147] : E 5 8
[2014-07-13 13:42:08.148] : E 6 7
[2014-07-13 13:42:08.148] : E 6 8
[2014-07-13 13:42:08.148] : E 6 9
[2014-07-13 13:42:08.148] : E 7 8
[2014-07-13 13:42:08.148] : E 7 9
[2014-07-13 13:42:08.149] : E 8 9
[2014-07-13 13:42:08.151] : R 8
[2014-07-13 13:42:08.151] : Prüfen der Map
[2014-07-13 13:42:08.157] : NRNNNNNNNC
[2014-07-13 13:42:08.157] : Ok...
[2014-07-13 13:42:08.157] : Beginnen des Spiels
[2014-07-13 13:42:08.157] : < R 8
[2014-07-13 13:42:08.159] : NRNNNNNNRC
[2014-07-13 13:42:08.169] : > C 9
[2014-07-13 13:42:08.169] : CNCCCCCCNC
[2014-07-13 13:42:08.172] : < R 7
[2014-07-13 13:42:08.172] : CNCCCCCCNC
[2014-07-13 13:42:08.174] : > C 9
[2014-07-13 13:42:08.175] : CCCCCCCCNC
[2014-07-13 13:42:08.18] : < R 6
[2014-07-13 13:42:08.18] : CCCCCCCCNC
[2014-07-13 13:42:08.182] : > C 9
[2014-07-13 13:42:08.182] : CCCCCCCCNC
[2014-07-13 13:42:08.193] : < R 5
[2014-07-13 13:42:08.193] : CCCCCCCCNC
[2014-07-13 13:42:08.196] : > C 9
[2014-07-13 13:42:08.196] : CCCCCCCCNC
[2014-07-13 13:42:08.199] : < R 4
[2014-07-13 13:42:08.199] : CCCCCCCCNC
[2014-07-13 13:42:08.2] : > C 9
[2014-07-13 13:42:08.201] : CCCCCCCCNC
[2014-07-13 13:42:08.204] : < R 3
[2014-07-13 13:42:08.205] : CCCCCCCCNC
[2014-07-13 13:42:08.206] : > C 9
[2014-07-13 13:42:08.206] : CCCCCCCCNC
[2014-07-13 13:42:08.21] : < R 2
[2014-07-13 13:42:08.21] : CCCCCCCCNC
[2014-07-13 13:42:08.212] : > C 9
[2014-07-13 13:42:08.212] : CCCCCCCCNC
[2014-07-13 13:42:08.216] : < R 2
[2014-07-13 13:42:08.216] : CCCCCCCCNC
[2014-07-13 13:42:08.217] : > C 9
[2014-07-13 13:42:08.218] : CCCCCCCCNC
[2014-07-13 13:42:08.222] : < R 2
[2014-07-13 13:42:08.222] : CCCCCCCCNC
[2014-07-13 13:42:08.224] : > C 9
[2014-07-13 13:42:08.227] : CCCCCCCCNC
[2014-07-13 13:42:08.229] : Der Gegner hat keinen Zug gemacht, sondern: null
[2014-07-13 13:42:08.231] : ==============================
[2014-07-13 13:42:08.231] : Das Spiel wurde beendet
[2014-07-13 13:42:08.231] : Rom: 0
[2014-07-13 13:42:08.231] : Kathargo: 10
