[2014-07-13 13:42:08.094] : > R 8
[2014-07-13 13:42:08.096] : NRNNNNNNRC
[2014-07-13 13:42:08.171] : < C 9
[2014-07-13 13:42:08.171] : NRNNNNNNRC
[2014-07-13 13:42:08.171] : > R 7
[2014-07-13 13:42:08.175] : NRNNNNNRRC
[2014-07-13 13:42:08.177] : < C 9
[2014-07-13 13:42:08.177] : NRNNNNNRRC
[2014-07-13 13:42:08.177] : > R 6
[2014-07-13 13:42:08.188] : NRNNNNRRRC
[2014-07-13 13:42:08.188] : < C 9
[2014-07-13 13:42:08.19] : NRNNNNRRRC
[2014-07-13 13:42:08.191] : > R 5
[2014-07-13 13:42:08.195] : NRNNNRRRRC
[2014-07-13 13:42:08.197] : < C 9
[2014-07-13 13:42:08.197] : NRNNNRRRRC
[2014-07-13 13:42:08.197] : > R 4
[2014-07-13 13:42:08.2] : NRNNRRRRRC
[2014-07-13 13:42:08.203] : < C 9
[2014-07-13 13:42:08.203] : NRNNRRRRRC
[2014-07-13 13:42:08.203] : > R 3
[2014-07-13 13:42:08.204] : NRNRRRRRRC
[2014-07-13 13:42:08.209] : < C 9
[2014-07-13 13:42:08.209] : NRNRRRRRRC
[2014-07-13 13:42:08.209] : > R 2
[2014-07-13 13:42:08.214] : NRNRRRRRRC
[2014-07-13 13:42:08.214] : < C 9
[2014-07-13 13:42:08.215] : NRNRRRRRRC
[2014-07-13 13:42:08.215] : > R 2
[2014-07-13 13:42:08.215] : NRNRRRRRRC
[2014-07-13 13:42:08.219] : < C 9
[2014-07-13 13:42:08.22] : NRNRRRRRRC
[2014-07-13 13:42:08.22] : > R 2
[2014-07-13 13:42:08.221] : NRNRRRRRRC
[2014-07-13 13:42:08.228] : Der Gegner hat keinen Zug gemacht, sondern: null
[2014-07-13 13:42:08.228] : Die Mechanik meint: true
[2014-07-13 13:42:08.232] : Das Spiel wurde beendet
[2014-07-13 13:42:08.235] : Rom: 8
[2014-07-13 13:42:08.235] : Kathargo: 2
