[2014-07-17 14:39:57.136] : Laden des Servers....
[2014-07-17 14:39:57.136] : Server erfolgreich erstellt..
[2014-07-17 14:39:57.136] : Der Server läuft und hört auf Port:47814
[2014-07-17 14:39:57.136] : Es wurde die AI: Joernson geladen.
[2014-07-17 14:39:57.136] : Server wartet auf Verbindungen...
[2014-07-17 14:40:21.441] : Verbindung hergestellt:/137.248.122.31:47814
[2014-07-17 14:40:21.441] : Der Client /137.248.122.31:47814 wurde verbunden
[2014-07-17 14:40:21.441] : Warten auf die Map
[2014-07-17 14:40:21.69] : 8
[2014-07-17 14:40:21.69] : V 0 R 100 100
[2014-07-17 14:40:21.69] : V 1 N 400 100
[2014-07-17 14:40:21.69] : V 2 N 200 200
[2014-07-17 14:40:21.69] : V 3 N 300 200
[2014-07-17 14:40:21.69] : V 4 N 200 300
[2014-07-17 14:40:21.69] : V 5 N 300 300
[2014-07-17 14:40:21.69] : V 6 N 100 400
[2014-07-17 14:40:21.69] : V 7 C 400 400
[2014-07-17 14:40:21.69] : E 0 1
[2014-07-17 14:40:21.69] : E 0 2
[2014-07-17 14:40:21.69] : E 0 6
[2014-07-17 14:40:21.69] : E 1 3
[2014-07-17 14:40:21.69] : E 1 7
[2014-07-17 14:40:21.69] : E 2 3
[2014-07-17 14:40:21.69] : E 2 4
[2014-07-17 14:40:21.69] : E 3 5
[2014-07-17 14:40:21.69] : E 4 5
[2014-07-17 14:40:21.69] : E 4 6
[2014-07-17 14:40:21.69] : E 5 7
[2014-07-17 14:40:21.69] : E 6 7
[2014-07-17 14:40:21.69] : R 4
[2014-07-17 14:40:21.69] : Prüfen der Map
[2014-07-17 14:40:21.706] : RNNNNNNC
[2014-07-17 14:40:21.706] : Ok...
[2014-07-17 14:40:21.706] : Beginnen des Spiels
[2014-07-17 14:40:21.706] : < R 4
[2014-07-17 14:40:21.721] : RNNNRNNC
[2014-07-17 14:40:21.721] : > C 3
[2014-07-17 14:40:21.721] : RNNCRNNC
[2014-07-17 14:40:22.143] : < R 2
[2014-07-17 14:40:22.143] : RNRCRNNC
[2014-07-17 14:40:22.143] : > C 6
[2014-07-17 14:40:22.143] : RNRCRNCC
[2014-07-17 14:40:22.579] : < R 5
[2014-07-17 14:40:22.579] : RNRCRRCC
[2014-07-17 14:40:22.579] : > C 1
[2014-07-17 14:40:22.579] : NCNCNNCC
[2014-07-17 14:40:23.016] : < R 2
[2014-07-17 14:40:23.016] : NCRCNNCC
[2014-07-17 14:40:23.016] : > C X
[2014-07-17 14:40:23.016] : NCRCNNCC
[2014-07-17 14:40:23.016] : ==============================
[2014-07-17 14:40:23.016] : Das Spiel wurde beendet
[2014-07-17 14:40:23.016] : Rom: 1
[2014-07-17 14:40:23.016] : Kathargo: 4
