[2014-07-17 14:38:42.329] : > R 6
[2014-07-17 14:38:42.339] : NRNCNNRNNN
[2014-07-17 14:38:43.009] : < C 7
[2014-07-17 14:38:43.009] : NRNCNNRCNN
[2014-07-17 14:38:43.009] : > R 8
[2014-07-17 14:38:43.009] : NRNCNNRCRN
[2014-07-17 14:38:44.129] : < C 0
[2014-07-17 14:38:44.129] : CRNCNNRCRN
[2014-07-17 14:38:44.129] : > R 5
[2014-07-17 14:38:44.129] : CRNCNRRCRN
[2014-07-17 14:38:45.269] : < C 2
[2014-07-17 14:38:45.269] : CRCCNRRCRN
[2014-07-17 14:38:45.269] : > R 9
[2014-07-17 14:38:45.285] : CRCCNRRCRR
[2014-07-17 14:38:46.377] : < C 4
[2014-07-17 14:38:46.377] : CNCCCNNCNN
[2014-07-17 14:38:46.377] : > R 8
[2014-07-17 14:38:46.377] : CNCCCNNCRN
[2014-07-17 14:38:47.5] : < C 6
[2014-07-17 14:38:47.5] : CNCCCNCCRN
[2014-07-17 14:38:47.5] : > R 5
[2014-07-17 14:38:47.5] : CNCCCNCCRN
[2014-07-17 14:38:48.342] : Der Gegner hat keinen Zug gemacht, sondern: null
[2014-07-17 14:38:48.342] : Die Mechanik meint: true
[2014-07-17 14:38:48.358] : ==============================
[2014-07-17 14:38:48.358] : Das Spiel wurde beendet
[2014-07-17 14:38:48.358] : Rom: 1
[2014-07-17 14:38:48.358] : Kathargo: 7
.753] : < C 2
[2014-07-17 14:38:45.753] : CRCNNNRRRN
[2014-07-17 14:38:45.753] : > R 3
[2014-07-17 14:38:45.753] : NRNRNNRRRN
[2014-07-17 14:38:46.174] : < C 2
[2014-07-17 14:38:46.174] : NRCRNNRRRN
[2014-07-17 14:38:46.174] : > R X
[2014-07-17 14:38:46.174] : NRCRNNRRRN
[2014-07-17 14:38:46.174] : ==============================
[2014-07-17 14:38:46.174] : Das Spiel wurde beendet
[2014-07-17 14:38:46.174] : Rom: 8
[2014-07-17 14:38:46.174] : Kathargo: 1
