[2014-07-17 14:33:30.052] : Laden des Servers....
[2014-07-17 14:33:30.067] : Server erfolgreich erstellt..
[2014-07-17 14:33:30.067] : Der Server läuft und hört auf Port:47819
[2014-07-17 14:33:30.067] : Es wurde die AI: Joernson geladen.
[2014-07-17 14:33:30.067] : Server wartet auf Verbindungen...
[2014-07-17 14:37:46.7] : Verbindung hergestellt:/137.248.122.31:47819
[2014-07-17 14:37:46.7] : Der Client /137.248.122.31:47819 wurde verbunden
[2014-07-17 14:37:46.7] : Warten auf die Map
[2014-07-17 14:37:46.934] : 6
[2014-07-17 14:37:46.934] : V 0 R 100 100
[2014-07-17 14:37:46.934] : V 1 C 500 100
[2014-07-17 14:37:46.934] : V 2 N 300 500
[2014-07-17 14:37:46.934] : V 3 N 250 275
[2014-07-17 14:37:46.934] : V 4 N 300 175
[2014-07-17 14:37:46.934] : V 5 N 350 275
[2014-07-17 14:37:46.934] : E 0 1
[2014-07-17 14:37:46.934] : E 0 2
[2014-07-17 14:37:46.934] : E 0 3
[2014-07-17 14:37:46.934] : E 0 4
[2014-07-17 14:37:46.934] : E 1 2
[2014-07-17 14:37:46.934] : E 1 4
[2014-07-17 14:37:46.934] : E 1 5
[2014-07-17 14:37:46.934] : E 2 3
[2014-07-17 14:37:46.934] : E 2 5
[2014-07-17 14:37:46.934] : E 3 4
[2014-07-17 14:37:46.934] : E 3 5
[2014-07-17 14:37:46.934] : E 4 5
[2014-07-17 14:37:46.934] : R 5
[2014-07-17 14:37:46.934] : Prüfen der Map
[2014-07-17 14:37:46.95] : RCNNNN
[2014-07-17 14:37:46.95] : Ok...
[2014-07-17 14:37:46.95] : Beginnen des Spiels
[2014-07-17 14:37:46.95] : < R 5
[2014-07-17 14:37:46.95] : RCNNNR
[2014-07-17 14:37:46.95] : > C 3
[2014-07-17 14:37:46.95] : RCNCNR
[2014-07-17 14:37:47.371] : < R 2
[2014-07-17 14:37:47.371] : RCRCNR
[2014-07-17 14:37:47.371] : > C 4
[2014-07-17 14:37:47.371] : NCNCCN
[2014-07-17 14:37:47.792] : < R 5
[2014-07-17 14:37:47.792] : NCNCCR
[2014-07-17 14:37:47.792] : > C 2
[2014-07-17 14:37:47.792] : NCCCCN
[2014-07-17 14:37:48.229] : < R 1
[2014-07-17 14:37:48.229] : NCCCCN
[2014-07-17 14:37:48.229] : > C X
[2014-07-17 14:37:48.229] : NCCCCN
[2014-07-17 14:37:48.229] : ==============================
[2014-07-17 14:37:48.229] : Das Spiel wurde beendet
[2014-07-17 14:37:48.229] : Rom: 0
[2014-07-17 14:37:48.229] : Kathargo: 6
014-07-17 14:34:42.997] : RRRNRN
[2014-07-17 14:34:42.997] : > C 5
[2014-07-17 14:34:42.997] : RRRNRC
[2014-07-17 14:34:43.419] : < R 3
[2014-07-17 14:34:43.419] : RRRRRN
[2014-07-17 14:34:43.419] : > C 5
[2014-07-17 14:34:43.419] : RRRRRN
[2014-07-17 14:34:43.84] : < R 5
[2014-07-17 14:34:43.84] : RRRRRN
[2014-07-17 14:34:43.84] : > C 5
[2014-07-17 14:34:43.84] : RRRRRN
[2014-07-17 14:34:43.84] : Der Gegner hat keinen Zug gemacht, sondern: null
[2014-07-17 14:34:43.84] : ==============================
[2014-07-17 14:34:43.84] : Das Spiel wurde beendet
[2014-07-17 14:34:43.84] : Rom: 6
[2014-07-17 14:34:43.84] : Kathargo: 0
========
[2014-07-17 14:34:43.325] : Das Spiel wurde beendet
[2014-07-17 14:34:43.325] : Rom: 6
[2014-07-17 14:34:43.325] : Kathargo: 0
