[2014-07-17 14:34:33.684] : > R 3
[2014-07-17 14:34:33.684] : RCNRNN
[2014-07-17 14:34:34.324] : < C 2
[2014-07-17 14:34:34.324] : RCCRNN
[2014-07-17 14:34:34.324] : > R 4
[2014-07-17 14:34:34.324] : RCCRRN
[2014-07-17 14:34:35.447] : < C 5
[2014-07-17 14:34:35.447] : NCCNNC
[2014-07-17 14:34:35.447] : > R 4
[2014-07-17 14:34:35.447] : NCCNRC
[2014-07-17 14:34:36.555] : < C 0
[2014-07-17 14:34:36.555] : CCCNRC
[2014-07-17 14:34:36.555] : > R 3
[2014-07-17 14:34:36.555] : NNNRRN
[2014-07-17 14:34:37.678] : < C 1
[2014-07-17 14:34:37.678] : NCNRRN
[2014-07-17 14:34:37.678] : > R 2
[2014-07-17 14:34:37.678] : NCRRRN
[2014-07-17 14:34:38.801] : < C 0
[2014-07-17 14:34:38.801] : CCRRRN
[2014-07-17 14:34:38.801] : > R 5
[2014-07-17 14:34:38.801] : NNRRRR
[2014-07-17 14:34:39.909] : < C 0
[2014-07-17 14:34:39.909] : CNRRRR
[2014-07-17 14:34:39.909] : > R X
[2014-07-17 14:34:39.909] : CNRRRR
[2014-07-17 14:34:39.909] : ==============================
[2014-07-17 14:34:39.909] : Das Spiel wurde beendet
[2014-07-17 14:34:39.909] : Rom: 4
[2014-07-17 14:34:39.909] : Kathargo: 1
