[2014-07-17 14:19:15.927] : Laden des Servers....
[2014-07-17 14:19:15.931] : Server erfolgreich erstellt..
[2014-07-17 14:19:15.931] : Der Server läuft und hört auf Port:47810
[2014-07-17 14:19:15.932] : Es wurde die AI: Joernson geladen.
[2014-07-17 14:19:15.932] : Server wartet auf Verbindungen...
[2014-07-17 14:19:18.957] : Verbindung hergestellt:/127.0.0.1:47810
[2014-07-17 14:19:18.958] : Der Client /127.0.0.1:47810 wurde verbunden
[2014-07-17 14:19:18.959] : Warten auf die Map
[2014-07-17 14:19:18.959] : 9
[2014-07-17 14:19:18.959] : V 0 R 100 100
[2014-07-17 14:19:18.959] : V 1 N 250 100
[2014-07-17 14:19:18.96] : V 2 N 400 100
[2014-07-17 14:19:18.96] : V 3 N 100 250
[2014-07-17 14:19:18.96] : V 4 N 250 250
[2014-07-17 14:19:18.96] : V 5 N 400 250
[2014-07-17 14:19:18.96] : V 6 N 100 400
[2014-07-17 14:19:18.96] : V 7 N 250 400
[2014-07-17 14:19:18.96] : V 8 C 400 400
[2014-07-17 14:19:18.96] : E 0 1
[2014-07-17 14:19:18.961] : E 1 2
[2014-07-17 14:19:18.961] : E 3 4
[2014-07-17 14:19:18.961] : E 4 5
[2014-07-17 14:19:18.961] : E 6 7
[2014-07-17 14:19:18.962] : E 7 8
[2014-07-17 14:19:18.963] : E 0 3
[2014-07-17 14:19:18.963] : E 3 6
[2014-07-17 14:19:18.964] : E 1 4
[2014-07-17 14:19:18.964] : E 4 7
[2014-07-17 14:19:18.965] : E 2 5
[2014-07-17 14:19:18.965] : E 5 8 
[2014-07-17 14:19:18.966] : R 4
[2014-07-17 14:19:18.966] : Prüfen der Map
[2014-07-17 14:19:18.971] : RNNNNNNNC
[2014-07-17 14:19:18.971] : Ok...
[2014-07-17 14:19:18.972] : Beginnen des Spiels
[2014-07-17 14:19:18.973] : < R 4
[2014-07-17 14:19:18.975] : RNNNRNNNC
[2014-07-17 14:19:18.976] : > C 6
[2014-07-17 14:19:18.977] : RNNNRNCNC
[2014-07-17 14:19:18.979] : < R 2
[2014-07-17 14:19:18.98] : RNRNRNCNC
[2014-07-17 14:19:18.98] : > C 1
[2014-07-17 14:19:18.981] : RNRNRNCNC
[2014-07-17 14:19:18.983] : < R X
[2014-07-17 14:19:18.983] : RNRNRNCNC
[2014-07-17 14:19:18.984] : ==============================
[2014-07-17 14:19:18.985] : Das Spiel wurde beendet
[2014-07-17 14:19:18.985] : Rom: 4
[2014-07-17 14:19:18.986] : Kathargo: 2
