[2014-07-17 14:30:35.581] : > R 4
[2014-07-17 14:30:35.581] : RNNNRNNC
[2014-07-17 14:30:36.159] : < C 3
[2014-07-17 14:30:36.159] : RNNCRNNC
[2014-07-17 14:30:36.159] : > R 2
[2014-07-17 14:30:36.174] : RNRCRNNC
[2014-07-17 14:30:36.611] : < C 6
[2014-07-17 14:30:36.611] : RNRCRNCC
[2014-07-17 14:30:36.611] : > R 5
[2014-07-17 14:30:36.611] : RNRCRRCC
[2014-07-17 14:30:37.095] : < C 1
[2014-07-17 14:30:37.095] : NCNCNNCC
[2014-07-17 14:30:37.095] : > R 4
[2014-07-17 14:30:37.095] : NCNCRNCC
[2014-07-17 14:30:37.563] : < C 2
[2014-07-17 14:30:37.563] : NCCCRNCC
[2014-07-17 14:30:37.563] : > R 5
[2014-07-17 14:30:37.563] : NCCCNNCC
[2014-07-17 14:30:38.155] : < C 0
[2014-07-17 14:30:38.155] : CCCCNNCC
[2014-07-17 14:30:38.155] : > R 4
[2014-07-17 14:30:38.155] : CCCCRNCC
[2014-07-17 14:30:38.623] : < C 5
[2014-07-17 14:30:38.623] : CCCCNCCC
[2014-07-17 14:30:38.623] : > R 4
[2014-07-17 14:30:38.623] : CCCCNCCC
[2014-07-17 14:30:39.076] : < C 3
[2014-07-17 14:30:39.076] : CCCCNCCC
[2014-07-17 14:30:39.076] : > R 4
[2014-07-17 14:30:39.076] : CCCCNCCC
[2014-07-17 14:30:39.513] : < C 7
[2014-07-17 14:30:39.513] : CCCCNCCC
[2014-07-17 14:30:39.513] : > R 4
[2014-07-17 14:30:39.513] : CCCCNCCC
[2014-07-17 14:30:39.731] : < C X
[2014-07-17 14:30:39.731] : CCCCNCCC
[2014-07-17 14:30:39.731] : ==============================
[2014-07-17 14:30:39.731] : Das Spiel wurde beendet
[2014-07-17 14:30:39.747] : Rom: 0
[2014-07-17 14:30:39.747] : Kathargo: 8
