[2014-07-17 14:38:14.577] : Laden des Servers....
[2014-07-17 14:38:14.577] : Server erfolgreich erstellt..
[2014-07-17 14:38:14.577] : Der Server läuft und hört auf Port:47824
[2014-07-17 14:38:14.577] : Es wurde die AI: Joernson geladen.
[2014-07-17 14:38:14.577] : Server wartet auf Verbindungen...
[2014-07-17 14:38:47.531] : Verbindung hergestellt:/137.248.122.31:47824
[2014-07-17 14:38:47.547] : Der Client /137.248.122.31:47824 wurde verbunden
[2014-07-17 14:38:47.547] : Warten auf die Map
[2014-07-17 14:38:47.765] : 10
[2014-07-17 14:38:47.765] : V 0 N 300 100
[2014-07-17 14:38:47.765] : V 1 R 100 200
[2014-07-17 14:38:47.765] : V 2 N 300 200
[2014-07-17 14:38:47.765] : V 3 C 500 200
[2014-07-17 14:38:47.765] : V 4 N 200 275
[2014-07-17 14:38:47.765] : V 5 N 400 275
[2014-07-17 14:38:47.765] : V 6 N 250 400
[2014-07-17 14:38:47.765] : V 7 N 350 400
[2014-07-17 14:38:47.765] : V 8 N 150 500
[2014-07-17 14:38:47.765] : V 9 N 450 500
[2014-07-17 14:38:47.765] : E 0 1
[2014-07-17 14:38:47.765] : E 0 2
[2014-07-17 14:38:47.765] : E 0 3
[2014-07-17 14:38:47.765] : E 1 4
[2014-07-17 14:38:47.765] : E 1 8
[2014-07-17 14:38:47.765] : E 2 6
[2014-07-17 14:38:47.765] : E 2 7
[2014-07-17 14:38:47.765] : E 3 5
[2014-07-17 14:38:47.765] : E 3 9
[2014-07-17 14:38:47.765] : E 4 5
[2014-07-17 14:38:47.765] : E 4 7
[2014-07-17 14:38:47.765] : E 5 6
[2014-07-17 14:38:47.765] : E 6 8
[2014-07-17 14:38:47.765] : E 7 9
[2014-07-17 14:38:47.765] : E 8 9
[2014-07-17 14:38:47.765] : R 0
[2014-07-17 14:38:47.765] : Prüfen der Map
[2014-07-17 14:38:47.781] : NRNCNNNNNN
[2014-07-17 14:38:47.781] : Ok...
[2014-07-17 14:38:47.781] : Beginnen des Spiels
[2014-07-17 14:38:47.781] : < R 0
[2014-07-17 14:38:47.796] : RRNCNNNNNN
[2014-07-17 14:38:47.796] : > C 7
[2014-07-17 14:38:47.796] : RRNCNNNCNN
[2014-07-17 14:38:48.217] : < R 4
[2014-07-17 14:38:48.217] : RRNCRNNCNN
[2014-07-17 14:38:48.217] : > C 6
[2014-07-17 14:38:48.217] : RRNCRNCCNN
[2014-07-17 14:38:48.639] : < R 2
[2014-07-17 14:38:48.639] : RRRCRNCCNN
[2014-07-17 14:38:48.639] : > C 9
[2014-07-17 14:38:48.639] : RRRCRNCCNC
[2014-07-17 14:38:49.06] : < R 8
[2014-07-17 14:38:49.06] : RRRCRNCCRC
[2014-07-17 14:38:49.06] : > C 5
[2014-07-17 14:38:49.06] : NNNCNCCCNC
[2014-07-17 14:38:49.481] : < R 0
[2014-07-17 14:38:49.481] : RNNCNCCCNC
[2014-07-17 14:38:49.481] : > C X
[2014-07-17 14:38:49.481] : RNNCNCCCNC
[2014-07-17 14:38:49.481] : ==============================
[2014-07-17 14:38:49.481] : Das Spiel wurde beendet
[2014-07-17 14:38:49.481] : Rom: 1
[2014-07-17 14:38:49.481] : Kathargo: 5
: 5
