[2014-07-17 14:26:43.912] : Laden des Servers....
[2014-07-17 14:26:43.912] : Server erfolgreich erstellt..
[2014-07-17 14:26:43.912] : Der Server läuft und hört auf Port:47813
[2014-07-17 14:26:43.912] : Es wurde die AI: Joernson geladen.
[2014-07-17 14:26:43.912] : Server wartet auf Verbindungen...
[2014-07-17 14:32:37.683] : Verbindung hergestellt:/137.248.122.31:47813
[2014-07-17 14:32:37.683] : Der Client /137.248.122.31:47813 wurde verbunden
[2014-07-17 14:32:37.683] : Warten auf die Map
[2014-07-17 14:32:38.322] : 8
[2014-07-17 14:32:38.322] : V 0 R 100 100
[2014-07-17 14:32:38.322] : V 1 N 400 100
[2014-07-17 14:32:38.322] : V 2 N 200 200
[2014-07-17 14:32:38.322] : V 3 N 300 200
[2014-07-17 14:32:38.322] : V 4 N 200 300
[2014-07-17 14:32:38.322] : V 5 N 300 300
[2014-07-17 14:32:38.322] : V 6 N 100 400
[2014-07-17 14:32:38.322] : V 7 C 400 400
[2014-07-17 14:32:38.322] : E 0 1
[2014-07-17 14:32:38.322] : E 0 2
[2014-07-17 14:32:38.322] : E 0 6
[2014-07-17 14:32:38.322] : E 1 3
[2014-07-17 14:32:38.322] : E 1 7
[2014-07-17 14:32:38.322] : E 2 3
[2014-07-17 14:32:38.322] : E 2 4
[2014-07-17 14:32:38.322] : E 3 5
[2014-07-17 14:32:38.322] : E 4 5
[2014-07-17 14:32:38.322] : E 4 6
[2014-07-17 14:32:38.322] : E 5 7
[2014-07-17 14:32:38.322] : E 6 7
[2014-07-17 14:32:38.322] : R 1
[2014-07-17 14:32:38.322] : Prüfen der Map
[2014-07-17 14:32:38.338] : RNNNNNNC
[2014-07-17 14:32:38.338] : Ok...
[2014-07-17 14:32:38.338] : Beginnen des Spiels
[2014-07-17 14:32:38.338] : < R 1
[2014-07-17 14:32:38.338] : RRNNNNNC
[2014-07-17 14:32:38.338] : > C 4
[2014-07-17 14:32:38.338] : RRNNCNNC
[2014-07-17 14:32:38.775] : < R 2
[2014-07-17 14:32:38.775] : RRRNCNNC
[2014-07-17 14:32:38.775] : > C 5
[2014-07-17 14:32:38.775] : RRRNCCNC
[2014-07-17 14:32:39.196] : < R 3
[2014-07-17 14:32:39.196] : RRRRCCNC
[2014-07-17 14:32:39.196] : > C 6
[2014-07-17 14:32:39.196] : NNNNCCCC
[2014-07-17 14:32:39.633] : < R 0
[2014-07-17 14:32:39.633] : RNNNCCCC
[2014-07-17 14:32:39.633] : > C X
[2014-07-17 14:32:39.633] : RNNNCCCC
[2014-07-17 14:32:39.633] : ==============================
[2014-07-17 14:32:39.633] : Das Spiel wurde beendet
[2014-07-17 14:32:39.633] : Rom: 1
[2014-07-17 14:32:39.648] : Kathargo: 4
