[2014-07-15 15:35:26.681] : Laden des Servers....
[2014-07-15 15:35:26.687] : Server erfolgreich erstellt..
[2014-07-15 15:35:26.687] : Der Server läuft und hört auf Port:8888
[2014-07-15 15:35:26.687] : Es wurde die AI: Joernson geladen.
[2014-07-15 15:35:26.687] : Server wartet auf Verbindungen...
[2014-07-15 15:35:36.675] : Verbindung hergestellt:/127.0.0.1:8888
[2014-07-15 15:35:36.677] : Der Client /127.0.0.1:8888 wurde verbunden
[2014-07-15 15:35:36.677] : Warten auf die Map
[2014-07-15 15:35:36.732] : 37
[2014-07-15 15:35:36.734] : V 0 R 100 100
[2014-07-15 15:35:36.734] : V 1 N 150 150
[2014-07-15 15:35:36.734] : V 2 N 200 200
[2014-07-15 15:35:36.734] : V 3 N 250 250
[2014-07-15 15:35:36.735] : V 4 N 300 300
[2014-07-15 15:35:36.735] : V 5 N 350 350
[2014-07-15 15:35:36.735] : V 6 N 400 400
[2014-07-15 15:35:36.735] : V 7 N 450 450
[2014-07-15 15:35:36.735] : V 8 N 500 500
[2014-07-15 15:35:36.735] : V 9 N 550 550
[2014-07-15 15:35:36.736] : V 10 C 600 600
[2014-07-15 15:35:36.736] : V 11 N 100 600
[2014-07-15 15:35:36.736] : V 12 N 150 550
[2014-07-15 15:35:36.736] : V 13 N 200 500
[2014-07-15 15:35:36.736] : V 14 N 250 450
[2014-07-15 15:35:36.736] : V 15 N 300 400
[2014-07-15 15:35:36.736] : V 16 N 400 300
[2014-07-15 15:35:36.736] : V 17 N 450 250
[2014-07-15 15:35:36.736] : V 18 N 500 200
[2014-07-15 15:35:36.736] : V 19 N 550 150
[2014-07-15 15:35:36.737] : V 20 N 600 100
[2014-07-15 15:35:36.737] : V 21 N 100 350
[2014-07-15 15:35:36.737] : V 22 N 150 450
[2014-07-15 15:35:36.737] : V 23 N 250 350
[2014-07-15 15:35:36.737] : V 24 N 150 300
[2014-07-15 15:35:36.737] : V 25 N 350 100
[2014-07-15 15:35:36.737] : V 26 N 300 150
[2014-07-15 15:35:36.737] : V 27 N 350 250
[2014-07-15 15:35:36.738] : V 28 N 450 150
[2014-07-15 15:35:36.741] : V 29 N 600 350
[2014-07-15 15:35:36.741] : V 30 N 550 300
[2014-07-15 15:35:36.742] : V 31 N 450 350
[2014-07-15 15:35:36.742] : V 32 N 550 400
[2014-07-15 15:35:36.743] : V 33 N 350 600
[2014-07-15 15:35:36.744] : V 34 N 400 550
[2014-07-15 15:35:36.744] : V 35 N 350 450
[2014-07-15 15:35:36.746] : V 36 N 300 550
[2014-07-15 15:35:36.747] : E 0 1
[2014-07-15 15:35:36.747] : E 0 21
[2014-07-15 15:35:36.747] : E 0 25
[2014-07-15 15:35:36.747] : E 1 2
[2014-07-15 15:35:36.747] : E 2 3
[2014-07-15 15:35:36.747] : E 3 4
[2014-07-15 15:35:36.748] : E 4 5
[2014-07-15 15:35:36.748] : E 5 6
[2014-07-15 15:35:36.748] : E 5 23
[2014-07-15 15:35:36.748] : E 5 27
[2014-07-15 15:35:36.748] : E 5 31
[2014-07-15 15:35:36.748] : E 5 35
[2014-07-15 15:35:36.748] : E 6 7
[2014-07-15 15:35:36.748] : E 7 8
[2014-07-15 15:35:36.748] : E 8 9
[2014-07-15 15:35:36.748] : E 9 10
[2014-07-15 15:35:36.748] : E 10 29
[2014-07-15 15:35:36.749] : E 10 33
[2014-07-15 15:35:36.749] : E 11 12
[2014-07-15 15:35:36.749] : E 11 21
[2014-07-15 15:35:36.749] : E 11 33
[2014-07-15 15:35:36.749] : E 12 13
[2014-07-15 15:35:36.749] : E 13 14
[2014-07-15 15:35:36.749] : E 14 15
[2014-07-15 15:35:36.749] : E 15 16
[2014-07-15 15:35:36.749] : E 16 17
[2014-07-15 15:35:36.749] : E 17 18
[2014-07-15 15:35:36.749] : E 18 19
[2014-07-15 15:35:36.749] : E 19 20
[2014-07-15 15:35:36.75] : E 20 25
[2014-07-15 15:35:36.75] : E 20 29
[2014-07-15 15:35:36.75] : E 21 22
[2014-07-15 15:35:36.75] : E 21 24
[2014-07-15 15:35:36.75] : E 22 23
[2014-07-15 15:35:36.75] : E 23 24
[2014-07-15 15:35:36.75] : E 25 26
[2014-07-15 15:35:36.75] : E 25 28
[2014-07-15 15:35:36.75] : E 26 27
[2014-07-15 15:35:36.75] : E 27 28
[2014-07-15 15:35:36.751] : E 29 30
[2014-07-15 15:35:36.751] : E 29 32
[2014-07-15 15:35:36.751] : E 30 31
[2014-07-15 15:35:36.751] : E 31 32
[2014-07-15 15:35:36.751] : E 33 34
[2014-07-15 15:35:36.751] : E 33 36
[2014-07-15 15:35:36.751] : E 34 35
[2014-07-15 15:35:36.752] : E 35 36
[2014-07-15 15:35:36.754] : R 5
[2014-07-15 15:35:36.754] : Prüfen der Map
[2014-07-15 15:35:36.767] : RNNNNNNNNNCNNNNNNNNNNNNNNNNNNNNNNNNNN
[2014-07-15 15:35:36.767] : Ok...
[2014-07-15 15:35:36.767] : Beginnen des Spiels
[2014-07-15 15:35:36.767] : < R 5
[2014-07-15 15:35:36.771] : RNNNNRNNNNCNNNNNNNNNNNNNNNNNNNNNNNNNN
[2014-07-15 15:35:36.772] : > C 11
[2014-07-15 15:35:36.775] : RNNNNRNNNNCCNNNNNNNNNNNNNNNNNNNNNNNNN
[2014-07-15 15:35:36.778] : < R 20
[2014-07-15 15:35:36.781] : RNNNNRNNNNCCNNNNNNNNRNNNNNNNNNNNNNNNN
[2014-07-15 15:35:36.781] : > C 30
[2014-07-15 15:35:36.783] : RNNNNRNNNNCCNNNNNNNNRNNNNNNNNNCNNNNNN
[2014-07-15 15:35:36.788] : < R 2
[2014-07-15 15:35:36.789] : RNRNNRNNNNCCNNNNNNNNRNNNNNNNNNCNNNNNN
[2014-07-15 15:35:36.79] : > C 32
[2014-07-15 15:35:36.792] : RNRNNRNNNNCCNNNNNNNNRNNNNNNNNNCNCNNNN
[2014-07-15 15:35:36.798] : < R 28
[2014-07-15 15:35:36.8] : RNRNNRNNNNCCNNNNNNNNRNNNNNNNRNCNCNNNN
[2014-07-15 15:35:36.801] : > C 15
[2014-07-15 15:35:36.802] : RNRNNRNNNNCCNNNCNNNNRNNNNNNNRNCNCNNNN
[2014-07-15 15:35:36.808] : < R 23
[2014-07-15 15:35:36.81] : RNRNNRNNNNCCNNNCNNNNRNNRNNNNRNCNCNNNN
[2014-07-15 15:35:36.811] : > C 8
[2014-07-15 15:35:36.812] : RNRNNRNNCNCCNNNCNNNNRNNRNNNNRNCNCNNNN
[2014-07-15 15:35:36.818] : < R 13
[2014-07-15 15:35:36.82] : RNRNNRNNCNCCNRNCNNNNRNNRNNNNRNCNCNNNN
[2014-07-15 15:35:36.821] : > C 34
[2014-07-15 15:35:36.822] : RNRNNRNNCNCCNRNCNNNNRNNRNNNNRNCNCNCNN
[2014-07-15 15:35:36.83] : < R 17
[2014-07-15 15:35:36.832] : RNRNNRNNCNCCNRNCNRNNRNNRNNNNRNCNCNCNN
[2014-07-15 15:35:36.833] : > C 36
[2014-07-15 15:35:36.833] : RNRNNRNNCNCCNRNCNRNNRNNRNNNNRNCNCNCNC
[2014-07-15 15:35:36.838] : < R 21
[2014-07-15 15:35:36.839] : RNRNNRNNCNCCNRNCNRNNRRNRNNNNRNCNCNCNC
[2014-07-15 15:35:36.84] : > C 26
[2014-07-15 15:35:36.84] : RNRNNRNNCNCCNRNCNRNNRRNRNNCNRNCNCNCNC
[2014-07-15 15:35:36.845] : < R 19
[2014-07-15 15:35:36.847] : RNRNNRNNCNCCNRNCNRNRRRNRNNCNRNCNCNCNC
[2014-07-15 15:35:36.847] : > C 4
[2014-07-15 15:35:36.848] : RNRNCRNNCNCCNRNCNRNRRRNRNNCNRNCNCNCNC
[2014-07-15 15:35:36.886] : < R 3
[2014-07-15 15:35:36.887] : RNRRNRNNCNCCNRNCNRNRRRNRNNCNRNCNCNCNC
[2014-07-15 15:35:36.887] : > C 6
[2014-07-15 15:35:36.89] : RNRRNRCNCNCCNRNCNRNRRRNRNNCNRNCNCNCNC
[2014-07-15 15:35:36.902] : < R X
[2014-07-15 15:35:36.902] : RNRRNRCNCNCCNRNCNRNRRRNRNNCNRNCNCNCNC
[2014-07-15 15:35:36.903] : > C 4
[2014-07-15 15:35:36.904] : RNRRNRCNCNCCNRNCNRNRRRNRNNCNRNCNCNCNC
[2014-07-15 15:35:36.909] : Der Gegner hat keinen Zug gemacht, sondern: null
[2014-07-15 15:35:36.909] : ==============================
[2014-07-15 15:35:36.909] : Das Spiel wurde beendet
[2014-07-15 15:35:36.91] : Rom: 16
[2014-07-15 15:35:36.91] : Kathargo: 13
