[2014-07-15 12:33:58.066] : Laden des Servers....
[2014-07-15 12:33:58.073] : Server erfolgreich erstellt..
[2014-07-15 12:33:58.073] : Der Server läuft und hört auf Port:8888
[2014-07-15 12:33:58.073] : Es wurde die AI: Joernson geladen.
[2014-07-15 12:33:58.073] : Server wartet auf Verbindungen...
[2014-07-15 12:34:01.944] : Verbindung hergestellt:/127.0.0.1:8888
[2014-07-15 12:34:01.946] : Der Client /127.0.0.1:8888 wurde verbunden
[2014-07-15 12:34:01.946] : Warten auf die Map
[2014-07-15 12:34:01.984] : 10
[2014-07-15 12:34:01.985] : V 0 N 300 500
[2014-07-15 12:34:01.985] : V 1 R 300 100
[2014-07-15 12:34:01.985] : V 2 N 213 150
[2014-07-15 12:34:01.985] : V 3 N 387 150
[2014-07-15 12:34:01.986] : V 4 N 213 250
[2014-07-15 12:34:01.986] : V 5 N 387 250
[2014-07-15 12:34:01.987] : V 6 N 300 300
[2014-07-15 12:34:01.987] : V 7 N 213 350
[2014-07-15 12:34:01.987] : V 8 N 387 350
[2014-07-15 12:34:01.988] : V 9 C 300 400
[2014-07-15 12:34:01.988] : E 0 9
[2014-07-15 12:34:01.988] : E 1 2
[2014-07-15 12:34:01.989] : E 1 3
[2014-07-15 12:34:01.989] : E 1 6
[2014-07-15 12:34:01.989] : E 2 3
[2014-07-15 12:34:01.989] : E 2 4
[2014-07-15 12:34:01.989] : E 2 5
[2014-07-15 12:34:01.99] : E 2 6
[2014-07-15 12:34:01.99] : E 3 4
[2014-07-15 12:34:01.99] : E 3 5
[2014-07-15 12:34:01.991] : E 3 6
[2014-07-15 12:34:01.991] : E 4 5
[2014-07-15 12:34:01.991] : E 4 6
[2014-07-15 12:34:01.991] : E 4 7
[2014-07-15 12:34:01.992] : E 5 6
[2014-07-15 12:34:01.992] : E 5 8
[2014-07-15 12:34:01.993] : E 6 7
[2014-07-15 12:34:01.993] : E 6 8
[2014-07-15 12:34:01.993] : E 6 9
[2014-07-15 12:34:01.993] : E 7 8
[2014-07-15 12:34:01.993] : E 7 9
[2014-07-15 12:34:01.994] : E 8 9
[2014-07-15 12:34:01.995] : R 6
[2014-07-15 12:34:01.995] : Prüfen der Map
[2014-07-15 12:34:02.005] : NRNNNNNNNC
[2014-07-15 12:34:02.006] : Ok...
[2014-07-15 12:34:02.006] : Beginnen des Spiels
[2014-07-15 12:34:02.006] : < R 6
[2014-07-15 12:34:02.009] : NRNNNNRNNC
[2014-07-15 12:34:02.01] : > C 4
[2014-07-15 12:34:02.012] : NRNNCNRNNC
[2014-07-15 12:34:02.019] : < R 5
[2014-07-15 12:34:02.02] : NRNNCRRNNC
[2014-07-15 12:34:02.02] : > C 2
[2014-07-15 12:34:02.023] : NRCNCRRNNC
[2014-07-15 12:34:02.033] : < R 7
[2014-07-15 12:34:02.034] : NRCNCRRRNC
[2014-07-15 12:34:02.034] : > C 3
[2014-07-15 12:34:02.036] : NRNNNRRRNC
[2014-07-15 12:34:02.039] : < R 3
[2014-07-15 12:34:02.04] : NRNRNRRRNC
[2014-07-15 12:34:02.04] : > C 4
[2014-07-15 12:34:02.042] : NRNRCRRRNC
[2014-07-15 12:34:02.061] : < R 2
[2014-07-15 12:34:02.062] : NRRRNRRRNC
[2014-07-15 12:34:02.062] : > C 4
[2014-07-15 12:34:02.064] : NRRRNRRRNC
[2014-07-15 12:34:02.075] : < R X
[2014-07-15 12:34:02.075] : NRRRNRRRNC
[2014-07-15 12:34:02.076] : ==============================
[2014-07-15 12:34:02.076] : Das Spiel wurde beendet
[2014-07-15 12:34:02.077] : Rom: 7
[2014-07-15 12:34:02.077] : Kathargo: 2
