[2014-07-15 15:32:29.923] : Laden des Servers....
[2014-07-15 15:32:29.93] : Server erfolgreich erstellt..
[2014-07-15 15:32:29.931] : Der Server läuft und hört auf Port:8888
[2014-07-15 15:32:29.931] : Es wurde die AI: Joernson geladen.
[2014-07-15 15:32:29.931] : Server wartet auf Verbindungen...
[2014-07-15 15:32:43.415] : Verbindung hergestellt:/127.0.0.1:8888
[2014-07-15 15:32:43.417] : Der Client /127.0.0.1:8888 wurde verbunden
[2014-07-15 15:32:43.418] : Warten auf die Map
[2014-07-15 15:32:43.476] : 37
[2014-07-15 15:32:43.476] : V 0 R 100 100
[2014-07-15 15:32:43.476] : V 1 N 150 150
[2014-07-15 15:32:43.476] : V 2 N 200 200
[2014-07-15 15:32:43.476] : V 3 N 250 250
[2014-07-15 15:32:43.477] : V 4 N 300 300
[2014-07-15 15:32:43.477] : V 5 N 350 350
[2014-07-15 15:32:43.478] : V 6 N 400 400
[2014-07-15 15:32:43.479] : V 7 N 450 450
[2014-07-15 15:32:43.48] : V 8 N 500 500
[2014-07-15 15:32:43.48] : V 9 N 550 550
[2014-07-15 15:32:43.48] : V 10 C 600 600
[2014-07-15 15:32:43.481] : V 11 N 100 600
[2014-07-15 15:32:43.481] : V 12 N 150 550
[2014-07-15 15:32:43.481] : V 13 N 200 500
[2014-07-15 15:32:43.481] : V 14 N 250 450
[2014-07-15 15:32:43.481] : V 15 N 300 400
[2014-07-15 15:32:43.482] : V 16 N 400 300
[2014-07-15 15:32:43.482] : V 17 N 450 250
[2014-07-15 15:32:43.482] : V 18 N 500 200
[2014-07-15 15:32:43.484] : V 19 N 550 150
[2014-07-15 15:32:43.486] : V 20 N 600 100
[2014-07-15 15:32:43.486] : V 21 N 100 350
[2014-07-15 15:32:43.487] : V 22 N 150 450
[2014-07-15 15:32:43.488] : V 23 N 250 350
[2014-07-15 15:32:43.489] : V 24 N 150 300
[2014-07-15 15:32:43.49] : V 25 N 350 100
[2014-07-15 15:32:43.49] : V 26 N 300 150
[2014-07-15 15:32:43.49] : V 27 N 350 250
[2014-07-15 15:32:43.49] : V 28 N 450 150
[2014-07-15 15:32:43.491] : V 29 N 600 350
[2014-07-15 15:32:43.491] : V 30 N 550 300
[2014-07-15 15:32:43.491] : V 31 N 450 350
[2014-07-15 15:32:43.491] : V 32 N 550 400
[2014-07-15 15:32:43.491] : V 33 N 350 600
[2014-07-15 15:32:43.491] : V 34 N 400 550
[2014-07-15 15:32:43.491] : V 35 N 350 450
[2014-07-15 15:32:43.491] : V 36 N 300 550
[2014-07-15 15:32:43.491] : E 0 1
[2014-07-15 15:32:43.491] : E 0 21
[2014-07-15 15:32:43.491] : E 0 25
[2014-07-15 15:32:43.491] : E 1 2
[2014-07-15 15:32:43.492] : E 2 3
[2014-07-15 15:32:43.492] : E 3 4
[2014-07-15 15:32:43.492] : E 4 5
[2014-07-15 15:32:43.492] : E 5 6
[2014-07-15 15:32:43.492] : E 5 23
[2014-07-15 15:32:43.492] : E 5 27
[2014-07-15 15:32:43.492] : E 5 31
[2014-07-15 15:32:43.492] : E 5 35
[2014-07-15 15:32:43.492] : E 6 7
[2014-07-15 15:32:43.492] : E 7 8
[2014-07-15 15:32:43.492] : E 8 9
[2014-07-15 15:32:43.492] : E 9 10
[2014-07-15 15:32:43.493] : E 10 29
[2014-07-15 15:32:43.493] : E 10 33
[2014-07-15 15:32:43.493] : E 11 12
[2014-07-15 15:32:43.493] : E 11 21
[2014-07-15 15:32:43.493] : E 11 33
[2014-07-15 15:32:43.493] : E 12 13
[2014-07-15 15:32:43.493] : E 13 14
[2014-07-15 15:32:43.493] : E 14 15
[2014-07-15 15:32:43.493] : E 15 16
[2014-07-15 15:32:43.493] : E 16 17
[2014-07-15 15:32:43.493] : E 17 18
[2014-07-15 15:32:43.493] : E 18 19
[2014-07-15 15:32:43.494] : E 19 20
[2014-07-15 15:32:43.494] : E 20 25
[2014-07-15 15:32:43.494] : E 20 29
[2014-07-15 15:32:43.494] : E 21 22
[2014-07-15 15:32:43.494] : E 21 24
[2014-07-15 15:32:43.494] : E 22 23
[2014-07-15 15:32:43.494] : E 23 24
[2014-07-15 15:32:43.494] : E 25 26
[2014-07-15 15:32:43.494] : E 25 28
[2014-07-15 15:32:43.494] : E 26 27
[2014-07-15 15:32:43.494] : E 27 28
[2014-07-15 15:32:43.494] : E 29 30
[2014-07-15 15:32:43.495] : E 29 32
[2014-07-15 15:32:43.495] : E 30 31
[2014-07-15 15:32:43.495] : E 31 32
[2014-07-15 15:32:43.495] : E 33 34
[2014-07-15 15:32:43.499] : E 33 36
[2014-07-15 15:32:43.5] : E 34 35
[2014-07-15 15:32:43.502] : E 35 36
[2014-07-15 15:32:43.504] : R 5
[2014-07-15 15:32:43.504] : Prüfen der Map
[2014-07-15 15:32:43.516] : RNNNNNNNNNCNNNNNNNNNNNNNNNNNNNNNNNNNN
[2014-07-15 15:32:43.517] : Ok...
[2014-07-15 15:32:43.517] : Beginnen des Spiels
[2014-07-15 15:32:43.517] : < R 5
[2014-07-15 15:32:43.52] : RNNNNRNNNNCNNNNNNNNNNNNNNNNNNNNNNNNNN
[2014-07-15 15:32:43.522] : > C 11
[2014-07-15 15:32:43.524] : RNNNNRNNNNCCNNNNNNNNNNNNNNNNNNNNNNNNN
[2014-07-15 15:32:43.527] : < R 20
[2014-07-15 15:32:43.529] : RNNNNRNNNNCCNNNNNNNNRNNNNNNNNNNNNNNNN
[2014-07-15 15:32:43.53] : > C 30
[2014-07-15 15:32:43.531] : RNNNNRNNNNCCNNNNNNNNRNNNNNNNNNCNNNNNN
[2014-07-15 15:32:43.536] : < R 2
[2014-07-15 15:32:43.538] : RNRNNRNNNNCCNNNNNNNNRNNNNNNNNNCNNNNNN
[2014-07-15 15:32:43.539] : > C 32
[2014-07-15 15:32:43.541] : RNRNNRNNNNCCNNNNNNNNRNNNNNNNNNCNCNNNN
[2014-07-15 15:32:43.545] : < R 28
[2014-07-15 15:32:43.546] : RNRNNRNNNNCCNNNNNNNNRNNNNNNNRNCNCNNNN
[2014-07-15 15:32:43.547] : > C 15
[2014-07-15 15:32:43.548] : RNRNNRNNNNCCNNNCNNNNRNNNNNNNRNCNCNNNN
[2014-07-15 15:32:43.551] : < R 23
[2014-07-15 15:32:43.552] : RNRNNRNNNNCCNNNCNNNNRNNRNNNNRNCNCNNNN
[2014-07-15 15:32:43.552] : > C 8
[2014-07-15 15:32:43.553] : RNRNNRNNCNCCNNNCNNNNRNNRNNNNRNCNCNNNN
[2014-07-15 15:32:43.56] : < R 13
[2014-07-15 15:32:43.562] : RNRNNRNNCNCCNRNCNNNNRNNRNNNNRNCNCNNNN
[2014-07-15 15:32:43.563] : > C 34
[2014-07-15 15:32:43.565] : RNRNNRNNCNCCNRNCNNNNRNNRNNNNRNCNCNCNN
[2014-07-15 15:32:43.571] : < R 17
[2014-07-15 15:32:43.572] : RNRNNRNNCNCCNRNCNRNNRNNRNNNNRNCNCNCNN
[2014-07-15 15:32:43.573] : > C 36
[2014-07-15 15:32:43.573] : RNRNNRNNCNCCNRNCNRNNRNNRNNNNRNCNCNCNC
[2014-07-15 15:32:43.579] : < R 21
[2014-07-15 15:32:43.58] : RNRNNRNNCNCCNRNCNRNNRRNRNNNNRNCNCNCNC
[2014-07-15 15:32:43.58] : > C 26
[2014-07-15 15:32:43.581] : RNRNNRNNCNCCNRNCNRNNRRNRNNCNRNCNCNCNC
[2014-07-15 15:32:43.586] : < R 19
[2014-07-15 15:32:43.591] : RNRNNRNNCNCCNRNCNRNRRRNRNNCNRNCNCNCNC
[2014-07-15 15:32:43.592] : > C 4
[2014-07-15 15:32:43.593] : RNRNCRNNCNCCNRNCNRNRRRNRNNCNRNCNCNCNC
[2014-07-15 15:32:43.614] : < R 3
[2014-07-15 15:32:43.615] : RNRRNRNNCNCCNRNCNRNRRRNRNNCNRNCNCNCNC
[2014-07-15 15:32:43.616] : > C 6
[2014-07-15 15:32:43.617] : RNRRNRCNCNCCNRNCNRNRRRNRNNCNRNCNCNCNC
[2014-07-15 15:32:43.623] : < R X
[2014-07-15 15:32:43.623] : RNRRNRCNCNCCNRNCNRNRRRNRNNCNRNCNCNCNC
[2014-07-15 15:32:43.624] : > C 4
[2014-07-15 15:32:43.625] : RNRRNRCNCNCCNRNCNRNRRRNRNNCNRNCNCNCNC
[2014-07-15 15:32:43.626] : Der Gegner hat keinen Zug gemacht, sondern: null
[2014-07-15 15:32:43.626] : ==============================
[2014-07-15 15:32:43.627] : Das Spiel wurde beendet
[2014-07-15 15:32:43.627] : Rom: 16
[2014-07-15 15:32:43.627] : Kathargo: 13
