[2014-07-15 12:36:54.632] : Laden des Servers....
[2014-07-15 12:36:54.639] : Server erfolgreich erstellt..
[2014-07-15 12:36:54.639] : Der Server läuft und hört auf Port:8888
[2014-07-15 12:36:54.639] : Es wurde die AI: Joernson geladen.
[2014-07-15 12:36:54.639] : Server wartet auf Verbindungen...
[2014-07-15 12:36:57.991] : Verbindung hergestellt:/127.0.0.1:8888
[2014-07-15 12:36:57.992] : Der Client /127.0.0.1:8888 wurde verbunden
[2014-07-15 12:36:57.992] : Warten auf die Map
[2014-07-15 12:36:58.029] : 10
[2014-07-15 12:36:58.029] : V 0 N 300 500
[2014-07-15 12:36:58.03] : V 1 R 300 100
[2014-07-15 12:36:58.03] : V 2 N 213 150
[2014-07-15 12:36:58.03] : V 3 N 387 150
[2014-07-15 12:36:58.03] : V 4 N 213 250
[2014-07-15 12:36:58.031] : V 5 N 387 250
[2014-07-15 12:36:58.032] : V 6 N 300 300
[2014-07-15 12:36:58.032] : V 7 N 213 350
[2014-07-15 12:36:58.032] : V 8 N 387 350
[2014-07-15 12:36:58.034] : V 9 C 300 400
[2014-07-15 12:36:58.034] : E 0 9
[2014-07-15 12:36:58.034] : E 1 2
[2014-07-15 12:36:58.034] : E 1 3
[2014-07-15 12:36:58.034] : E 1 6
[2014-07-15 12:36:58.034] : E 2 3
[2014-07-15 12:36:58.034] : E 2 4
[2014-07-15 12:36:58.035] : E 2 5
[2014-07-15 12:36:58.035] : E 2 6
[2014-07-15 12:36:58.035] : E 3 4
[2014-07-15 12:36:58.035] : E 3 5
[2014-07-15 12:36:58.035] : E 3 6
[2014-07-15 12:36:58.035] : E 4 5
[2014-07-15 12:36:58.035] : E 4 6
[2014-07-15 12:36:58.035] : E 4 7
[2014-07-15 12:36:58.036] : E 5 6
[2014-07-15 12:36:58.036] : E 5 8
[2014-07-15 12:36:58.036] : E 6 7
[2014-07-15 12:36:58.036] : E 6 8
[2014-07-15 12:36:58.036] : E 6 9
[2014-07-15 12:36:58.037] : E 7 8
[2014-07-15 12:36:58.037] : E 7 9
[2014-07-15 12:36:58.037] : E 8 9
[2014-07-15 12:36:58.039] : R 6
[2014-07-15 12:36:58.039] : Prüfen der Map
[2014-07-15 12:36:58.047] : NRNNNNNNNC
[2014-07-15 12:36:58.047] : Ok...
[2014-07-15 12:36:58.047] : Beginnen des Spiels
[2014-07-15 12:36:58.047] : < R 6
[2014-07-15 12:36:58.051] : NRNNNNRNNC
[2014-07-15 12:36:58.052] : > C 4
[2014-07-15 12:36:58.053] : NRNNCNRNNC
[2014-07-15 12:36:58.057] : < R 5
[2014-07-15 12:36:58.058] : NRNNCRRNNC
[2014-07-15 12:36:58.059] : > C 2
[2014-07-15 12:36:58.061] : NRCNCRRNNC
[2014-07-15 12:36:58.068] : < R 7
[2014-07-15 12:36:58.069] : NRCNCRRRNC
[2014-07-15 12:36:58.069] : > C 3
[2014-07-15 12:36:58.071] : NRNNNRRRNC
[2014-07-15 12:36:58.073] : < R 3
[2014-07-15 12:36:58.074] : NRNRNRRRNC
[2014-07-15 12:36:58.074] : > C 4
[2014-07-15 12:36:58.077] : NRNRCRRRNC
[2014-07-15 12:36:58.083] : < R 2
[2014-07-15 12:36:58.089] : NRRRNRRRNC
[2014-07-15 12:36:58.09] : > C 4
[2014-07-15 12:36:58.094] : NRRRNRRRNC
[2014-07-15 12:36:58.106] : < R X
[2014-07-15 12:36:58.106] : NRRRNRRRNC
[2014-07-15 12:36:58.107] : ==============================
[2014-07-15 12:36:58.108] : Das Spiel wurde beendet
[2014-07-15 12:36:58.108] : Rom: 7
[2014-07-15 12:36:58.108] : Kathargo: 2
