[2014-07-15 14:32:35.055] : Laden des Servers....
[2014-07-15 14:32:35.061] : Server erfolgreich erstellt..
[2014-07-15 14:32:35.062] : Der Server läuft und hört auf Port:8888
[2014-07-15 14:32:35.062] : Es wurde die AI: Joernson geladen.
[2014-07-15 14:32:35.062] : Server wartet auf Verbindungen...
[2014-07-15 14:32:57.67] : Verbindung hergestellt:/127.0.0.1:8888
[2014-07-15 14:32:57.671] : Der Client /127.0.0.1:8888 wurde verbunden
[2014-07-15 14:32:57.671] : Warten auf die Map
[2014-07-15 14:32:57.707] : 10
[2014-07-15 14:32:57.708] : V 0 N 300 500
[2014-07-15 14:32:57.708] : V 1 R 300 100
[2014-07-15 14:32:57.708] : V 2 N 213 150
[2014-07-15 14:32:57.708] : V 3 N 387 150
[2014-07-15 14:32:57.709] : V 4 N 213 250
[2014-07-15 14:32:57.709] : V 5 N 387 250
[2014-07-15 14:32:57.709] : V 6 N 300 300
[2014-07-15 14:32:57.71] : V 7 N 213 350
[2014-07-15 14:32:57.71] : V 8 N 387 350
[2014-07-15 14:32:57.71] : V 9 C 300 400
[2014-07-15 14:32:57.711] : E 0 9
[2014-07-15 14:32:57.711] : E 1 2
[2014-07-15 14:32:57.711] : E 1 3
[2014-07-15 14:32:57.711] : E 1 6
[2014-07-15 14:32:57.712] : E 2 3
[2014-07-15 14:32:57.712] : E 2 4
[2014-07-15 14:32:57.712] : E 2 5
[2014-07-15 14:32:57.713] : E 2 6
[2014-07-15 14:32:57.713] : E 3 4
[2014-07-15 14:32:57.713] : E 3 5
[2014-07-15 14:32:57.713] : E 3 6
[2014-07-15 14:32:57.713] : E 4 5
[2014-07-15 14:32:57.713] : E 4 6
[2014-07-15 14:32:57.713] : E 4 7
[2014-07-15 14:32:57.713] : E 5 6
[2014-07-15 14:32:57.713] : E 5 8
[2014-07-15 14:32:57.714] : E 6 7
[2014-07-15 14:32:57.714] : E 6 8
[2014-07-15 14:32:57.714] : E 6 9
[2014-07-15 14:32:57.714] : E 7 8
[2014-07-15 14:32:57.714] : E 7 9
[2014-07-15 14:32:57.714] : E 8 9
[2014-07-15 14:32:57.716] : R 6
[2014-07-15 14:32:57.716] : Prüfen der Map
[2014-07-15 14:32:57.725] : NRNNNNNNNC
[2014-07-15 14:32:57.726] : Ok...
[2014-07-15 14:32:57.726] : Beginnen des Spiels
[2014-07-15 14:32:57.726] : < R 6
[2014-07-15 14:32:57.729] : NRNNNNRNNC
[2014-07-15 14:32:57.73] : > C 4
[2014-07-15 14:32:57.731] : NRNNCNRNNC
[2014-07-15 14:32:57.735] : < R 5
[2014-07-15 14:32:57.736] : NRNNCRRNNC
[2014-07-15 14:32:57.736] : > C 2
[2014-07-15 14:32:57.738] : NRCNCRRNNC
[2014-07-15 14:32:57.745] : < R 7
[2014-07-15 14:32:57.745] : NRCNCRRRNC
[2014-07-15 14:32:57.746] : > C 3
[2014-07-15 14:32:57.747] : NRNNNRRRNC
[2014-07-15 14:32:57.751] : < R 3
[2014-07-15 14:32:57.751] : NRNRNRRRNC
[2014-07-15 14:32:57.752] : > C 4
[2014-07-15 14:32:57.754] : NRNRCRRRNC
[2014-07-15 14:32:57.774] : < R 2
[2014-07-15 14:32:57.777] : NRRRNRRRNC
[2014-07-15 14:32:57.778] : > C 4
[2014-07-15 14:32:57.779] : NRRRNRRRNC
[2014-07-15 14:32:57.786] : < R X
[2014-07-15 14:32:57.787] : NRRRNRRRNC
[2014-07-15 14:32:57.789] : ==============================
[2014-07-15 14:32:57.789] : Das Spiel wurde beendet
[2014-07-15 14:32:57.789] : Rom: 7
[2014-07-15 14:32:57.789] : Kathargo: 2
