[2014-07-15 15:36:54.386] : Laden des Servers....
[2014-07-15 15:36:54.393] : Server erfolgreich erstellt..
[2014-07-15 15:36:54.393] : Der Server läuft und hört auf Port:8888
[2014-07-15 15:36:54.393] : Es wurde die AI: Joernson geladen.
[2014-07-15 15:36:54.393] : Server wartet auf Verbindungen...
[2014-07-15 15:36:59.868] : Verbindung hergestellt:/127.0.0.1:8888
[2014-07-15 15:36:59.869] : Der Client /127.0.0.1:8888 wurde verbunden
[2014-07-15 15:36:59.87] : Warten auf die Map
[2014-07-15 15:36:59.921] : 37
[2014-07-15 15:36:59.922] : V 0 R 100 100
[2014-07-15 15:36:59.922] : V 1 N 150 150
[2014-07-15 15:36:59.922] : V 2 N 200 200
[2014-07-15 15:36:59.922] : V 3 N 250 250
[2014-07-15 15:36:59.922] : V 4 N 300 300
[2014-07-15 15:36:59.922] : V 5 N 350 350
[2014-07-15 15:36:59.923] : V 6 N 400 400
[2014-07-15 15:36:59.923] : V 7 N 450 450
[2014-07-15 15:36:59.923] : V 8 N 500 500
[2014-07-15 15:36:59.923] : V 9 N 550 550
[2014-07-15 15:36:59.924] : V 10 C 600 600
[2014-07-15 15:36:59.925] : V 11 N 100 600
[2014-07-15 15:36:59.926] : V 12 N 150 550
[2014-07-15 15:36:59.927] : V 13 N 200 500
[2014-07-15 15:36:59.927] : V 14 N 250 450
[2014-07-15 15:36:59.928] : V 15 N 300 400
[2014-07-15 15:36:59.928] : V 16 N 400 300
[2014-07-15 15:36:59.928] : V 17 N 450 250
[2014-07-15 15:36:59.929] : V 18 N 500 200
[2014-07-15 15:36:59.929] : V 19 N 550 150
[2014-07-15 15:36:59.929] : V 20 N 600 100
[2014-07-15 15:36:59.93] : V 21 N 100 350
[2014-07-15 15:36:59.93] : V 22 N 150 450
[2014-07-15 15:36:59.931] : V 23 N 250 350
[2014-07-15 15:36:59.931] : V 24 N 150 300
[2014-07-15 15:36:59.931] : V 25 N 350 100
[2014-07-15 15:36:59.932] : V 26 N 300 150
[2014-07-15 15:36:59.935] : V 27 N 350 250
[2014-07-15 15:36:59.936] : V 28 N 450 150
[2014-07-15 15:36:59.938] : V 29 N 600 350
[2014-07-15 15:36:59.938] : V 30 N 550 300
[2014-07-15 15:36:59.938] : V 31 N 450 350
[2014-07-15 15:36:59.938] : V 32 N 550 400
[2014-07-15 15:36:59.938] : V 33 N 350 600
[2014-07-15 15:36:59.938] : V 34 N 400 550
[2014-07-15 15:36:59.939] : V 35 N 350 450
[2014-07-15 15:36:59.94] : V 36 N 300 550
[2014-07-15 15:36:59.941] : E 0 1
[2014-07-15 15:36:59.943] : E 0 21
[2014-07-15 15:36:59.944] : E 0 25
[2014-07-15 15:36:59.944] : E 1 2
[2014-07-15 15:36:59.944] : E 2 3
[2014-07-15 15:36:59.944] : E 3 4
[2014-07-15 15:36:59.944] : E 4 5
[2014-07-15 15:36:59.944] : E 5 6
[2014-07-15 15:36:59.944] : E 5 23
[2014-07-15 15:36:59.944] : E 5 27
[2014-07-15 15:36:59.944] : E 5 31
[2014-07-15 15:36:59.944] : E 5 35
[2014-07-15 15:36:59.945] : E 6 7
[2014-07-15 15:36:59.945] : E 7 8
[2014-07-15 15:36:59.945] : E 8 9
[2014-07-15 15:36:59.945] : E 9 10
[2014-07-15 15:36:59.945] : E 10 29
[2014-07-15 15:36:59.945] : E 10 33
[2014-07-15 15:36:59.945] : E 11 12
[2014-07-15 15:36:59.945] : E 11 21
[2014-07-15 15:36:59.945] : E 11 33
[2014-07-15 15:36:59.945] : E 12 13
[2014-07-15 15:36:59.945] : E 13 14
[2014-07-15 15:36:59.945] : E 14 15
[2014-07-15 15:36:59.946] : E 15 16
[2014-07-15 15:36:59.946] : E 16 17
[2014-07-15 15:36:59.946] : E 17 18
[2014-07-15 15:36:59.946] : E 18 19
[2014-07-15 15:36:59.946] : E 19 20
[2014-07-15 15:36:59.946] : E 20 25
[2014-07-15 15:36:59.946] : E 20 29
[2014-07-15 15:36:59.946] : E 21 22
[2014-07-15 15:36:59.946] : E 21 24
[2014-07-15 15:36:59.946] : E 22 23
[2014-07-15 15:36:59.946] : E 23 24
[2014-07-15 15:36:59.946] : E 25 26
[2014-07-15 15:36:59.946] : E 25 28
[2014-07-15 15:36:59.947] : E 26 27
[2014-07-15 15:36:59.947] : E 27 28
[2014-07-15 15:36:59.947] : E 29 30
[2014-07-15 15:36:59.947] : E 29 32
[2014-07-15 15:36:59.947] : E 30 31
[2014-07-15 15:36:59.947] : E 31 32
[2014-07-15 15:36:59.947] : E 33 34
[2014-07-15 15:36:59.947] : E 33 36
[2014-07-15 15:36:59.947] : E 34 35
[2014-07-15 15:36:59.947] : E 35 36
[2014-07-15 15:36:59.951] : R 5
[2014-07-15 15:36:59.951] : Prüfen der Map
[2014-07-15 15:36:59.965] : RNNNNNNNNNCNNNNNNNNNNNNNNNNNNNNNNNNNN
[2014-07-15 15:36:59.965] : Ok...
[2014-07-15 15:36:59.965] : Beginnen des Spiels
[2014-07-15 15:36:59.965] : < R 5
[2014-07-15 15:36:59.968] : RNNNNRNNNNCNNNNNNNNNNNNNNNNNNNNNNNNNN
[2014-07-15 15:36:59.97] : > C 11
[2014-07-15 15:36:59.972] : RNNNNRNNNNCCNNNNNNNNNNNNNNNNNNNNNNNNN
[2014-07-15 15:36:59.976] : < R 20
[2014-07-15 15:36:59.977] : RNNNNRNNNNCCNNNNNNNNRNNNNNNNNNNNNNNNN
[2014-07-15 15:36:59.978] : > C 30
[2014-07-15 15:36:59.98] : RNNNNRNNNNCCNNNNNNNNRNNNNNNNNNCNNNNNN
[2014-07-15 15:36:59.983] : < R 2
[2014-07-15 15:36:59.985] : RNRNNRNNNNCCNNNNNNNNRNNNNNNNNNCNNNNNN
[2014-07-15 15:36:59.986] : > C 32
[2014-07-15 15:36:59.987] : RNRNNRNNNNCCNNNNNNNNRNNNNNNNNNCNCNNNN
[2014-07-15 15:36:59.992] : < R 28
[2014-07-15 15:36:59.994] : RNRNNRNNNNCCNNNNNNNNRNNNNNNNRNCNCNNNN
[2014-07-15 15:36:59.994] : > C 15
[2014-07-15 15:36:59.995] : RNRNNRNNNNCCNNNCNNNNRNNNNNNNRNCNCNNNN
[2014-07-15 15:36:59.999] : < R 23
[2014-07-15 15:37:00.0] : RNRNNRNNNNCCNNNCNNNNRNNRNNNNRNCNCNNNN
[2014-07-15 15:37:00.0] : > C 8
[2014-07-15 15:37:00.001] : RNRNNRNNCNCCNNNCNNNNRNNRNNNNRNCNCNNNN
[2014-07-15 15:37:00.006] : < R 13
[2014-07-15 15:37:00.008] : RNRNNRNNCNCCNRNCNNNNRNNRNNNNRNCNCNNNN
[2014-07-15 15:37:00.01] : > C 34
[2014-07-15 15:37:00.012] : RNRNNRNNCNCCNRNCNNNNRNNRNNNNRNCNCNCNN
[2014-07-15 15:37:00.018] : < R 17
[2014-07-15 15:37:00.019] : RNRNNRNNCNCCNRNCNRNNRNNRNNNNRNCNCNCNN
[2014-07-15 15:37:00.019] : > C 36
[2014-07-15 15:37:00.02] : RNRNNRNNCNCCNRNCNRNNRNNRNNNNRNCNCNCNC
[2014-07-15 15:37:00.03] : < R 21
[2014-07-15 15:37:00.031] : RNRNNRNNCNCCNRNCNRNNRRNRNNNNRNCNCNCNC
[2014-07-15 15:37:00.032] : > C 26
[2014-07-15 15:37:00.032] : RNRNNRNNCNCCNRNCNRNNRRNRNNCNRNCNCNCNC
[2014-07-15 15:37:00.038] : < R 19
[2014-07-15 15:37:00.039] : RNRNNRNNCNCCNRNCNRNRRRNRNNCNRNCNCNCNC
[2014-07-15 15:37:00.039] : > C 4
[2014-07-15 15:37:00.048] : RNRNCRNNCNCCNRNCNRNRRRNRNNCNRNCNCNCNC
[2014-07-15 15:37:00.063] : < R 3
[2014-07-15 15:37:00.063] : RNRRNRNNCNCCNRNCNRNRRRNRNNCNRNCNCNCNC
[2014-07-15 15:37:00.064] : > C 6
[2014-07-15 15:37:00.065] : RNRRNRCNCNCCNRNCNRNRRRNRNNCNRNCNCNCNC
[2014-07-15 15:37:00.072] : < R X
[2014-07-15 15:37:00.072] : RNRRNRCNCNCCNRNCNRNRRRNRNNCNRNCNCNCNC
[2014-07-15 15:37:00.074] : > C 4
[2014-07-15 15:37:00.074] : RNRRNRCNCNCCNRNCNRNRRRNRNNCNRNCNCNCNC
[2014-07-15 15:37:00.08] : Der Gegner hat keinen Zug gemacht, sondern: null
[2014-07-15 15:37:00.081] : ==============================
[2014-07-15 15:37:00.081] : Das Spiel wurde beendet
[2014-07-15 15:37:00.081] : Rom: 16
[2014-07-15 15:37:00.081] : Kathargo: 13
