[2014-07-17 00:07:19.211] : Laden des Servers....
[2014-07-17 00:07:19.216] : Server erfolgreich erstellt..
[2014-07-17 00:07:19.216] : Der Server läuft und hört auf Port:9998
[2014-07-17 00:07:19.216] : Es wurde die AI: Joernson geladen.
[2014-07-17 00:07:19.216] : Server wartet auf Verbindungen...
[2014-07-17 00:08:30.317] : Verbindung hergestellt:/127.0.0.1:9998
[2014-07-17 00:08:30.318] : Der Client /127.0.0.1:9998 wurde verbunden
[2014-07-17 00:08:30.318] : Warten auf die Map
[2014-07-17 00:08:30.319] : 37
[2014-07-17 00:08:30.319] : V 0 R 100 100
[2014-07-17 00:08:30.319] : V 1 N 150 150
[2014-07-17 00:08:30.319] : V 2 N 200 200
[2014-07-17 00:08:30.319] : V 3 N 250 250
[2014-07-17 00:08:30.32] : V 4 N 300 300
[2014-07-17 00:08:30.32] : V 5 N 350 350
[2014-07-17 00:08:30.32] : V 6 N 400 400
[2014-07-17 00:08:30.32] : V 7 N 450 450
[2014-07-17 00:08:30.32] : V 8 N 500 500
[2014-07-17 00:08:30.32] : V 9 N 550 550
[2014-07-17 00:08:30.321] : V 10 C 600 600
[2014-07-17 00:08:30.322] : V 11 N 100 600
[2014-07-17 00:08:30.322] : V 12 N 150 550
[2014-07-17 00:08:30.322] : V 13 N 200 500
[2014-07-17 00:08:30.322] : V 14 N 250 450
[2014-07-17 00:08:30.322] : V 15 N 300 400
[2014-07-17 00:08:30.322] : V 16 N 400 300
[2014-07-17 00:08:30.322] : V 17 N 450 250
[2014-07-17 00:08:30.323] : V 18 N 500 200
[2014-07-17 00:08:30.323] : V 19 N 550 150
[2014-07-17 00:08:30.323] : V 20 N 600 100
[2014-07-17 00:08:30.323] : V 21 N 100 350
[2014-07-17 00:08:30.323] : V 22 N 150 450
[2014-07-17 00:08:30.323] : V 23 N 250 350
[2014-07-17 00:08:30.323] : V 24 N 150 300
[2014-07-17 00:08:30.323] : V 25 N 350 100
[2014-07-17 00:08:30.324] : V 26 N 300 150
[2014-07-17 00:08:30.324] : V 27 N 350 250
[2014-07-17 00:08:30.324] : V 28 N 450 150
[2014-07-17 00:08:30.324] : V 29 N 600 350  
[2014-07-17 00:08:30.324] : V 30 N 550 300 
[2014-07-17 00:08:30.324] : V 31 N 450 350 
[2014-07-17 00:08:30.324] : V 32 N 550 400
[2014-07-17 00:08:30.325] : V 33 N 350 600
[2014-07-17 00:08:30.325] : V 34 N 400 550
[2014-07-17 00:08:30.325] : V 35 N 350 450
[2014-07-17 00:08:30.325] : V 36 N 300 550 
[2014-07-17 00:08:30.325] : E 0 1
[2014-07-17 00:08:30.325] : E 1 2
[2014-07-17 00:08:30.325] : E 2 3
[2014-07-17 00:08:30.325] : E 3 4
[2014-07-17 00:08:30.326] : E 4 5
[2014-07-17 00:08:30.326] : E 5 6
[2014-07-17 00:08:30.326] : E 6 7
[2014-07-17 00:08:30.326] : E 7 8
[2014-07-17 00:08:30.326] : E 8 9
[2014-07-17 00:08:30.326] : E 9 10
[2014-07-17 00:08:30.326] : E 11 12
[2014-07-17 00:08:30.326] : E 12 13
[2014-07-17 00:08:30.326] : E 13 14
[2014-07-17 00:08:30.327] : E 14 15
[2014-07-17 00:08:30.327] : E 15 16
[2014-07-17 00:08:30.327] : E 16 17
[2014-07-17 00:08:30.327] : E 17 18
[2014-07-17 00:08:30.327] : E 18 19
[2014-07-17 00:08:30.327] : E 19 20
[2014-07-17 00:08:30.327] : E 21 22
[2014-07-17 00:08:30.328] : E 22 23
[2014-07-17 00:08:30.328] : E 23 24
[2014-07-17 00:08:30.328] : E 24 21
[2014-07-17 00:08:30.328] : E 0 21
[2014-07-17 00:08:30.328] : E 21 11
[2014-07-17 00:08:30.328] : E 23 5
[2014-07-17 00:08:30.328] : E 0 25
[2014-07-17 00:08:30.329] : E 25 26
[2014-07-17 00:08:30.329] : E 26 27
[2014-07-17 00:08:30.329] : E 27 28
[2014-07-17 00:08:30.329] : E 28 25
[2014-07-17 00:08:30.329] : E 25 20
[2014-07-17 00:08:30.329] : E 27 5
[2014-07-17 00:08:30.329] : E 20 29
[2014-07-17 00:08:30.329] : E 29 30
[2014-07-17 00:08:30.33] : E 30 31
[2014-07-17 00:08:30.33] : E 31 32
[2014-07-17 00:08:30.33] : E 29 10
[2014-07-17 00:08:30.33] : E 31 5
[2014-07-17 00:08:30.33] : E 10 33
[2014-07-17 00:08:30.33] : E 33 34
[2014-07-17 00:08:30.33] : E 34 35
[2014-07-17 00:08:30.33] : E 35 36
[2014-07-17 00:08:30.331] : E 36 33
[2014-07-17 00:08:30.331] : E 33 11
[2014-07-17 00:08:30.331] : E 35 5
[2014-07-17 00:08:30.331] : E 29 32
[2014-07-17 00:08:30.331] : R 5
[2014-07-17 00:08:30.331] : Prüfen der Map
[2014-07-17 00:08:30.336] : RNNNNNNNNNCNNNNNNNNNNNNNNNNNNNNNNNNNN
[2014-07-17 00:08:30.336] : Ok...
[2014-07-17 00:08:30.336] : Beginnen des Spiels
[2014-07-17 00:08:30.336] : < R 5
[2014-07-17 00:08:30.338] : RNNNNRNNNNCNNNNNNNNNNNNNNNNNNNNNNNNNN
[2014-07-17 00:08:30.339] : > C 33
[2014-07-17 00:08:30.34] : RNNNNRNNNNCNNNNNNNNNNNNNNNNNNNNNNCNNN
[2014-07-17 00:08:30.341] : < R 21
[2014-07-17 00:08:30.341] : RNNNNRNNNNCNNNNNNNNNNRNNNNNNNNNNNCNNN
[2014-07-17 00:08:30.342] : > C 25
[2014-07-17 00:08:30.343] : RNNNNRNNNNCNNNNNNNNNNRNNNCNNNNNNNCNNN
[2014-07-17 00:08:30.344] : < R 29
[2014-07-17 00:08:30.345] : RNNNNRNNNNCNNNNNNNNNNRNNNCNNNRNNNCNNN
[2014-07-17 00:08:30.346] : > C 31
[2014-07-17 00:08:30.347] : RNNNNRNNNNCNNNNNNNNNNRNNNCNNNRNCNCNNN
[2014-07-17 00:08:30.348] : < R 19
[2014-07-17 00:08:30.349] : RNNNNRNNNNCNNNNNNNNRNRNNNCNNNRNCNCNNN
[2014-07-17 00:08:30.349] : > C 13
[2014-07-17 00:08:30.35] : RNNNNRNNNNCNNCNNNNNRNRNNNCNNNRNCNCNNN
[2014-07-17 00:08:30.35] : < R 3
[2014-07-17 00:08:30.351] : RNNRNRNNNNCNNCNNNNNRNRNNNCNNNRNCNCNNN
[2014-07-17 00:08:30.351] : > C 7
[2014-07-17 00:08:30.352] : RNNRNRNCNNCNNCNNNNNRNRNNNCNNNRNCNCNNN
[2014-07-17 00:08:30.353] : < R 35
[2014-07-17 00:08:30.354] : RNNRNRNCNNCNNCNNNNNRNRNNNCNNNRNCNCNRN
[2014-07-17 00:08:30.354] : > C 16
[2014-07-17 00:08:30.355] : RNNRNRNCNNCNNCNNCNNRNRNNNCNNNRNCNCNRN
[2014-07-17 00:08:30.356] : < R 27
[2014-07-17 00:08:30.356] : RNNRNRNCNNCNNCNNCNNRNRNNNCNRNRNCNCNRN
[2014-07-17 00:08:30.357] : > C 23
[2014-07-17 00:08:30.359] : RNNRNRNCNNCNNCNNCNNRNRNCNCNRNRNCNCNRN
[2014-07-17 00:08:30.361] : < R 1
[2014-07-17 00:08:30.366] : RRNRNRNCNNCNNCNNCNNRNRNCNCNRNRNCNCNRN
[2014-07-17 00:08:30.368] : > C 18
[2014-07-17 00:08:30.372] : RRNRNRNCNNCNNCNNCNCRNRNCNCNRNRNCNCNRN
[2014-07-17 00:08:30.372] : < R 17
[2014-07-17 00:08:30.373] : RRNRNRNCNNCNNCNNCRNRNRNCNCNRNRNCNCNRN
[2014-07-17 00:08:30.374] : > C 20
[2014-07-17 00:08:30.375] : RRNRNRNCNNCNNCNNCNCNCRNCNCNRNRNCNCNRN
[2014-07-17 00:08:30.383] : < R 15
[2014-07-17 00:08:30.385] : RRNRNRNCNNCNNCNRCNCNCRNCNCNRNRNCNCNRN
[2014-07-17 00:08:30.386] : > C X
[2014-07-17 00:08:30.393] : RRNRNRNCNNCNNCNRCNCNCRNCNCNRNRNCNCNRN
[2014-07-17 00:08:30.393] : ==============================
[2014-07-17 00:08:30.394] : Das Spiel wurde beendet
[2014-07-17 00:08:30.394] : Rom: 11
[2014-07-17 00:08:30.394] : Kathargo: 14
