[2014-07-15 12:36:57.986] : > R 6
[2014-07-15 12:36:57.989] : NRNNNNRNNC
[2014-07-15 12:36:58.054] : < C 4
[2014-07-15 12:36:58.055] : NRNNCNRNNC
[2014-07-15 12:36:58.056] : > R 5
[2014-07-15 12:36:58.063] : NRNNCRRNNC
[2014-07-15 12:36:58.064] : < C 2
[2014-07-15 12:36:58.066] : NRCNCRRNNC
[2014-07-15 12:36:58.067] : > R 7
[2014-07-15 12:36:58.068] : NRCNCRRRNC
[2014-07-15 12:36:58.071] : < C 3
[2014-07-15 12:36:58.072] : NRNNNRRRNC
[2014-07-15 12:36:58.072] : > R 3
[2014-07-15 12:36:58.074] : NRNRNRRRNC
[2014-07-15 12:36:58.076] : < C 4
[2014-07-15 12:36:58.079] : NRNRCRRRNC
[2014-07-15 12:36:58.08] : > R 2
[2014-07-15 12:36:58.102] : NRRRNRRRNC
[2014-07-15 12:36:58.102] : < C 4
[2014-07-15 12:36:58.103] : NRRRNRRRNC
[2014-07-15 12:36:58.104] : > R X
[2014-07-15 12:36:58.11] : NRRRNRRRNC
[2014-07-15 12:36:58.11] : ==============================
[2014-07-15 12:36:58.11] : Das Spiel wurde beendet
[2014-07-15 12:36:58.111] : Rom: 7
[2014-07-15 12:36:58.111] : Kathargo: 2
