[2014-07-15 14:32:57.665] : > R 6
[2014-07-15 14:32:57.667] : NRNNNNRNNC
[2014-07-15 14:32:57.732] : < C 4
[2014-07-15 14:32:57.733] : NRNNCNRNNC
[2014-07-15 14:32:57.734] : > R 5
[2014-07-15 14:32:57.74] : NRNNCRRNNC
[2014-07-15 14:32:57.741] : < C 2
[2014-07-15 14:32:57.743] : NRCNCRRNNC
[2014-07-15 14:32:57.744] : > R 7
[2014-07-15 14:32:57.748] : NRCNCRRRNC
[2014-07-15 14:32:57.749] : < C 3
[2014-07-15 14:32:57.75] : NRNNNRRRNC
[2014-07-15 14:32:57.75] : > R 3
[2014-07-15 14:32:57.75] : NRNRNRRRNC
[2014-07-15 14:32:57.753] : < C 4
[2014-07-15 14:32:57.757] : NRNRCRRRNC
[2014-07-15 14:32:57.758] : > R 2
[2014-07-15 14:32:57.758] : NRRRNRRRNC
[2014-07-15 14:32:57.78] : < C 4
[2014-07-15 14:32:57.782] : NRRRNRRRNC
[2014-07-15 14:32:57.784] : > R X
[2014-07-15 14:32:57.793] : NRRRNRRRNC
[2014-07-15 14:32:57.793] : ==============================
[2014-07-15 14:32:57.794] : Das Spiel wurde beendet
[2014-07-15 14:32:57.794] : Rom: 7
[2014-07-15 14:32:57.794] : Kathargo: 2
