[2014-07-15 15:36:59.863] : > R 5
[2014-07-15 15:36:59.866] : RNNNNRNNNNCNNNNNNNNNNNNNNNNNNNNNNNNNN
[2014-07-15 15:36:59.972] : < C 11
[2014-07-15 15:36:59.974] : RNNNNRNNNNCCNNNNNNNNNNNNNNNNNNNNNNNNN
[2014-07-15 15:36:59.975] : > R 20
[2014-07-15 15:36:59.976] : RNNNNRNNNNCCNNNNNNNNRNNNNNNNNNNNNNNNN
[2014-07-15 15:36:59.979] : < C 30
[2014-07-15 15:36:59.982] : RNNNNRNNNNCCNNNNNNNNRNNNNNNNNNCNNNNNN
[2014-07-15 15:36:59.983] : > R 2
[2014-07-15 15:36:59.984] : RNRNNRNNNNCCNNNNNNNNRNNNNNNNNNCNNNNNN
[2014-07-15 15:36:59.988] : < C 32
[2014-07-15 15:36:59.99] : RNRNNRNNNNCCNNNNNNNNRNNNNNNNNNCNCNNNN
[2014-07-15 15:36:59.991] : > R 28
[2014-07-15 15:36:59.992] : RNRNNRNNNNCCNNNNNNNNRNNNNNNNRNCNCNNNN
[2014-07-15 15:36:59.995] : < C 15
[2014-07-15 15:36:59.996] : RNRNNRNNNNCCNNNCNNNNRNNNNNNNRNCNCNNNN
[2014-07-15 15:36:59.997] : > R 23
[2014-07-15 15:36:59.998] : RNRNNRNNNNCCNNNCNNNNRNNRNNNNRNCNCNNNN
[2014-07-15 15:37:00.002] : < C 8
[2014-07-15 15:37:00.004] : RNRNNRNNCNCCNNNCNNNNRNNRNNNNRNCNCNNNN
[2014-07-15 15:37:00.005] : > R 13
[2014-07-15 15:37:00.006] : RNRNNRNNCNCCNRNCNNNNRNNRNNNNRNCNCNNNN
[2014-07-15 15:37:00.013] : < C 34
[2014-07-15 15:37:00.017] : RNRNNRNNCNCCNRNCNNNNRNNRNNNNRNCNCNCNN
[2014-07-15 15:37:00.017] : > R 17
[2014-07-15 15:37:00.027] : RNRNNRNNCNCCNRNCNRNNRNNRNNNNRNCNCNCNN
[2014-07-15 15:37:00.027] : < C 36
[2014-07-15 15:37:00.028] : RNRNNRNNCNCCNRNCNRNNRNNRNNNNRNCNCNCNC
[2014-07-15 15:37:00.028] : > R 21
[2014-07-15 15:37:00.029] : RNRNNRNNCNCCNRNCNRNNRRNRNNNNRNCNCNCNC
[2014-07-15 15:37:00.033] : < C 26
[2014-07-15 15:37:00.034] : RNRNNRNNCNCCNRNCNRNNRRNRNNCNRNCNCNCNC
[2014-07-15 15:37:00.034] : > R 19
[2014-07-15 15:37:00.035] : RNRNNRNNCNCCNRNCNRNRRRNRNNCNRNCNCNCNC
[2014-07-15 15:37:00.057] : < C 4
[2014-07-15 15:37:00.058] : RNRNCRNNCNCCNRNCNRNRRRNRNNCNRNCNCNCNC
[2014-07-15 15:37:00.059] : > R 3
[2014-07-15 15:37:00.068] : RNRRNRNNCNCCNRNCNRNRRRNRNNCNRNCNCNCNC
[2014-07-15 15:37:00.068] : < C 6
[2014-07-15 15:37:00.07] : RNRRNRCNCNCCNRNCNRNRRRNRNNCNRNCNCNCNC
[2014-07-15 15:37:00.071] : > R X
[2014-07-15 15:37:00.074] : RNRRNRCNCNCCNRNCNRNRRRNRNNCNRNCNCNCNC
[2014-07-15 15:37:00.083] : ==============================
[2014-07-15 15:37:00.083] : Das Spiel wurde beendet
[2014-07-15 15:37:00.084] : Rom: 16
[2014-07-15 15:37:00.084] : Kathargo: 13
