[2014-07-15 12:34:01.938] : > R 6
[2014-07-15 12:34:01.942] : NRNNNNRNNC
[2014-07-15 12:34:02.013] : < C 4
[2014-07-15 12:34:02.014] : NRNNCNRNNC
[2014-07-15 12:34:02.015] : > R 5
[2014-07-15 12:34:02.016] : NRNNCRRNNC
[2014-07-15 12:34:02.026] : < C 2
[2014-07-15 12:34:02.029] : NRCNCRRNNC
[2014-07-15 12:34:02.031] : > R 7
[2014-07-15 12:34:02.032] : NRCNCRRRNC
[2014-07-15 12:34:02.036] : < C 3
[2014-07-15 12:34:02.038] : NRNNNRRRNC
[2014-07-15 12:34:02.038] : > R 3
[2014-07-15 12:34:02.038] : NRNRNRRRNC
[2014-07-15 12:34:02.04] : < C 4
[2014-07-15 12:34:02.045] : NRNRCRRRNC
[2014-07-15 12:34:02.045] : > R 2
[2014-07-15 12:34:02.046] : NRRRNRRRNC
[2014-07-15 12:34:02.066] : < C 4
[2014-07-15 12:34:02.068] : NRRRNRRRNC
[2014-07-15 12:34:02.068] : > R X
[2014-07-15 12:34:02.074] : NRRRNRRRNC
[2014-07-15 12:34:02.078] : Der Gegner hat keinen Zug gemacht, sondern: null
[2014-07-15 12:34:02.078] : Die Mechanik meint: false
[2014-07-15 12:34:02.079] : Das Spiel wurde beendet
[2014-07-15 12:34:02.079] : Rom: 7
[2014-07-15 12:34:02.079] : Kathargo: 2
