[2014-07-15 15:35:36.673] : > R 5
[2014-07-15 15:35:36.681] : RNNNNRNNNNCNNNNNNNNNNNNNNNNNNNNNNNNNN
[2014-07-15 15:35:36.775] : < C 11
[2014-07-15 15:35:36.776] : RNNNNRNNNNCCNNNNNNNNNNNNNNNNNNNNNNNNN
[2014-07-15 15:35:36.777] : > R 20
[2014-07-15 15:35:36.779] : RNNNNRNNNNCCNNNNNNNNRNNNNNNNNNNNNNNNN
[2014-07-15 15:35:36.784] : < C 30
[2014-07-15 15:35:36.786] : RNNNNRNNNNCCNNNNNNNNRNNNNNNNNNCNNNNNN
[2014-07-15 15:35:36.787] : > R 2
[2014-07-15 15:35:36.794] : RNRNNRNNNNCCNNNNNNNNRNNNNNNNNNCNNNNNN
[2014-07-15 15:35:36.796] : < C 32
[2014-07-15 15:35:36.797] : RNRNNRNNNNCCNNNNNNNNRNNNNNNNNNCNCNNNN
[2014-07-15 15:35:36.798] : > R 28
[2014-07-15 15:35:36.805] : RNRNNRNNNNCCNNNNNNNNRNNNNNNNRNCNCNNNN
[2014-07-15 15:35:36.805] : < C 15
[2014-07-15 15:35:36.807] : RNRNNRNNNNCCNNNCNNNNRNNNNNNNRNCNCNNNN
[2014-07-15 15:35:36.807] : > R 23
[2014-07-15 15:35:36.809] : RNRNNRNNNNCCNNNCNNNNRNNRNNNNRNCNCNNNN
[2014-07-15 15:35:36.812] : < C 8
[2014-07-15 15:35:36.815] : RNRNNRNNCNCCNNNCNNNNRNNRNNNNRNCNCNNNN
[2014-07-15 15:35:36.816] : > R 13
[2014-07-15 15:35:36.817] : RNRNNRNNCNCCNRNCNNNNRNNRNNNNRNCNCNNNN
[2014-07-15 15:35:36.823] : < C 34
[2014-07-15 15:35:36.827] : RNRNNRNNCNCCNRNCNNNNRNNRNNNNRNCNCNCNN
[2014-07-15 15:35:36.829] : > R 17
[2014-07-15 15:35:36.836] : RNRNNRNNCNCCNRNCNRNNRNNRNNNNRNCNCNCNN
[2014-07-15 15:35:36.836] : < C 36
[2014-07-15 15:35:36.837] : RNRNNRNNCNCCNRNCNRNNRNNRNNNNRNCNCNCNC
[2014-07-15 15:35:36.837] : > R 21
[2014-07-15 15:35:36.838] : RNRNNRNNCNCCNRNCNRNNRRNRNNNNRNCNCNCNC
[2014-07-15 15:35:36.841] : < C 26
[2014-07-15 15:35:36.842] : RNRNNRNNCNCCNRNCNRNNRRNRNNCNRNCNCNCNC
[2014-07-15 15:35:36.842] : > R 19
[2014-07-15 15:35:36.85] : RNRNNRNNCNCCNRNCNRNRRRNRNNCNRNCNCNCNC
[2014-07-15 15:35:36.865] : < C 4
[2014-07-15 15:35:36.879] : RNRNCRNNCNCCNRNCNRNRRRNRNNCNRNCNCNCNC
[2014-07-15 15:35:36.885] : > R 3
[2014-07-15 15:35:36.894] : RNRRNRNNCNCCNRNCNRNRRRNRNNCNRNCNCNCNC
[2014-07-15 15:35:36.894] : < C 6
[2014-07-15 15:35:36.898] : RNRRNRCNCNCCNRNCNRNRRRNRNNCNRNCNCNCNC
[2014-07-15 15:35:36.901] : > R X
[2014-07-15 15:35:36.91] : RNRRNRCNCNCCNRNCNRNRRRNRNNCNRNCNCNCNC
[2014-07-15 15:35:36.912] : ==============================
[2014-07-15 15:35:36.912] : Das Spiel wurde beendet
[2014-07-15 15:35:36.912] : Rom: 16
[2014-07-15 15:35:36.913] : Kathargo: 13
