[2014-07-15 15:32:43.413] : > R 5
[2014-07-15 15:32:43.42] : RNNNNRNNNNCNNNNNNNNNNNNNNNNNNNNNNNNNN
[2014-07-15 15:32:43.524] : < C 11
[2014-07-15 15:32:43.525] : RNNNNRNNNNCCNNNNNNNNNNNNNNNNNNNNNNNNN
[2014-07-15 15:32:43.526] : > R 20
[2014-07-15 15:32:43.528] : RNNNNRNNNNCCNNNNNNNNRNNNNNNNNNNNNNNNN
[2014-07-15 15:32:43.533] : < C 30
[2014-07-15 15:32:43.535] : RNNNNRNNNNCCNNNNNNNNRNNNNNNNNNCNNNNNN
[2014-07-15 15:32:43.535] : > R 2
[2014-07-15 15:32:43.541] : RNRNNRNNNNCCNNNNNNNNRNNNNNNNNNCNNNNNN
[2014-07-15 15:32:43.543] : < C 32
[2014-07-15 15:32:43.544] : RNRNNRNNNNCCNNNNNNNNRNNNNNNNNNCNCNNNN
[2014-07-15 15:32:43.544] : > R 28
[2014-07-15 15:32:43.545] : RNRNNRNNNNCCNNNNNNNNRNNNNNNNRNCNCNNNN
[2014-07-15 15:32:43.548] : < C 15
[2014-07-15 15:32:43.55] : RNRNNRNNNNCCNNNCNNNNRNNNNNNNRNCNCNNNN
[2014-07-15 15:32:43.55] : > R 23
[2014-07-15 15:32:43.551] : RNRNNRNNNNCCNNNCNNNNRNNRNNNNRNCNCNNNN
[2014-07-15 15:32:43.556] : < C 8
[2014-07-15 15:32:43.558] : RNRNNRNNCNCCNNNCNNNNRNNRNNNNRNCNCNNNN
[2014-07-15 15:32:43.558] : > R 13
[2014-07-15 15:32:43.562] : RNRNNRNNCNCCNRNCNNNNRNNRNNNNRNCNCNNNN
[2014-07-15 15:32:43.566] : < C 34
[2014-07-15 15:32:43.567] : RNRNNRNNCNCCNRNCNNNNRNNRNNNNRNCNCNCNN
[2014-07-15 15:32:43.57] : > R 17
[2014-07-15 15:32:43.577] : RNRNNRNNCNCCNRNCNRNNRNNRNNNNRNCNCNCNN
[2014-07-15 15:32:43.577] : < C 36
[2014-07-15 15:32:43.577] : RNRNNRNNCNCCNRNCNRNNRNNRNNNNRNCNCNCNC
[2014-07-15 15:32:43.578] : > R 21
[2014-07-15 15:32:43.579] : RNRNNRNNCNCCNRNCNRNNRRNRNNNNRNCNCNCNC
[2014-07-15 15:32:43.583] : < C 26
[2014-07-15 15:32:43.583] : RNRNNRNNCNCCNRNCNRNNRRNRNNCNRNCNCNCNC
[2014-07-15 15:32:43.584] : > R 19
[2014-07-15 15:32:43.584] : RNRNNRNNCNCCNRNCNRNRRRNRNNCNRNCNCNCNC
[2014-07-15 15:32:43.607] : < C 4
[2014-07-15 15:32:43.608] : RNRNCRNNCNCCNRNCNRNRRRNRNNCNRNCNCNCNC
[2014-07-15 15:32:43.612] : > R 3
[2014-07-15 15:32:43.619] : RNRRNRNNCNCCNRNCNRNRRRNRNNCNRNCNCNCNC
[2014-07-15 15:32:43.619] : < C 6
[2014-07-15 15:32:43.62] : RNRRNRCNCNCCNRNCNRNRRRNRNNCNRNCNCNCNC
[2014-07-15 15:32:43.622] : > R X
[2014-07-15 15:32:43.622] : RNRRNRCNCNCCNRNCNRNRRRNRNNCNRNCNCNCNC
[2014-07-15 15:32:43.625] : ==============================
[2014-07-15 15:32:43.625] : Das Spiel wurde beendet
[2014-07-15 15:32:43.629] : Rom: 16
[2014-07-15 15:32:43.629] : Kathargo: 13
