[2014-07-15 12:36:13.693] : > R 6
[2014-07-15 12:36:13.695] : NRNNNNRNNC
[2014-07-15 12:36:13.761] : < C 4
[2014-07-15 12:36:13.762] : NRNNCNRNNC
[2014-07-15 12:36:13.763] : > R 5
[2014-07-15 12:36:13.764] : NRNNCRRNNC
[2014-07-15 12:36:13.77] : < C 2
[2014-07-15 12:36:13.772] : NRCNCRRNNC
[2014-07-15 12:36:13.772] : > R 7
[2014-07-15 12:36:13.774] : NRCNCRRRNC
[2014-07-15 12:36:13.779] : < C 3
[2014-07-15 12:36:13.78] : NRNNNRRRNC
[2014-07-15 12:36:13.78] : > R 3
[2014-07-15 12:36:13.781] : NRNRNRRRNC
[2014-07-15 12:36:13.783] : < C 4
[2014-07-15 12:36:13.785] : NRNRCRRRNC
[2014-07-15 12:36:13.786] : > R 2
[2014-07-15 12:36:13.786] : NRRRNRRRNC
[2014-07-15 12:36:13.809] : < C 4
[2014-07-15 12:36:13.811] : NRRRNRRRNC
[2014-07-15 12:36:13.811] : > R X
[2014-07-15 12:36:13.812] : NRRRNRRRNC
[2014-07-15 12:36:13.812] : ==============================
[2014-07-15 12:36:13.812] : Das Spiel wurde beendet
[2014-07-15 12:36:13.812] : Rom: 7
[2014-07-15 12:36:13.812] : Kathargo: 2
