[2014-07-17 00:08:30.319] : > R 5
[2014-07-17 00:08:30.321] : RNNNNRNNNNCNNNNNNNNNNNNNNNNNNNNNNNNNN
[2014-07-17 00:08:30.339] : < C 33
[2014-07-17 00:08:30.34] : RNNNNRNNNNCNNNNNNNNNNNNNNNNNNNNNNCNNN
[2014-07-17 00:08:30.34] : > R 21
[2014-07-17 00:08:30.341] : RNNNNRNNNNCNNNNNNNNNNRNNNNNNNNNNNCNNN
[2014-07-17 00:08:30.342] : < C 25
[2014-07-17 00:08:30.343] : RNNNNRNNNNCNNNNNNNNNNRNNNCNNNNNNNCNNN
[2014-07-17 00:08:30.344] : > R 29
[2014-07-17 00:08:30.345] : RNNNNRNNNNCNNNNNNNNNNRNNNCNNNRNNNCNNN
[2014-07-17 00:08:30.346] : < C 31
[2014-07-17 00:08:30.348] : RNNNNRNNNNCNNNNNNNNNNRNNNCNNNRNCNCNNN
[2014-07-17 00:08:30.348] : > R 19
[2014-07-17 00:08:30.349] : RNNNNRNNNNCNNNNNNNNRNRNNNCNNNRNCNCNNN
[2014-07-17 00:08:30.349] : < C 13
[2014-07-17 00:08:30.35] : RNNNNRNNNNCNNCNNNNNRNRNNNCNNNRNCNCNNN
[2014-07-17 00:08:30.35] : > R 3
[2014-07-17 00:08:30.351] : RNNRNRNNNNCNNCNNNNNRNRNNNCNNNRNCNCNNN
[2014-07-17 00:08:30.351] : < C 7
[2014-07-17 00:08:30.352] : RNNRNRNCNNCNNCNNNNNRNRNNNCNNNRNCNCNNN
[2014-07-17 00:08:30.352] : > R 35
[2014-07-17 00:08:30.353] : RNNRNRNCNNCNNCNNNNNRNRNNNCNNNRNCNCNRN
[2014-07-17 00:08:30.354] : < C 16
[2014-07-17 00:08:30.354] : RNNRNRNCNNCNNCNNCNNRNRNNNCNNNRNCNCNRN
[2014-07-17 00:08:30.355] : > R 27
[2014-07-17 00:08:30.355] : RNNRNRNCNNCNNCNNCNNRNRNNNCNRNRNCNCNRN
[2014-07-17 00:08:30.357] : < C 23
[2014-07-17 00:08:30.358] : RNNRNRNCNNCNNCNNCNNRNRNCNCNRNRNCNCNRN
[2014-07-17 00:08:30.358] : > R 1
[2014-07-17 00:08:30.359] : RRNRNRNCNNCNNCNNCNNRNRNCNCNRNRNCNCNRN
[2014-07-17 00:08:30.368] : < C 18
[2014-07-17 00:08:30.369] : RRNRNRNCNNCNNCNNCNCRNRNCNCNRNRNCNCNRN
[2014-07-17 00:08:30.37] : > R 17
[2014-07-17 00:08:30.371] : RRNRNRNCNNCNNCNNCRNRNRNCNCNRNRNCNCNRN
[2014-07-17 00:08:30.374] : < C 20
[2014-07-17 00:08:30.376] : RRNRNRNCNNCNNCNNCRNRCRNCNCNRNRNCNCNRN
[2014-07-17 00:08:30.38] : > R 15
[2014-07-17 00:08:30.382] : RRNRNRNCNNCNNCNRNRNRCRNCNCNRNRNCNCNRN
[2014-07-17 00:08:30.387] : < C X
[2014-07-17 00:08:30.387] : RRNRNRNCNNCNNCNRNRNRCRNCNCNRNRNCNCNRN
[2014-07-17 00:08:30.388] : ==============================
[2014-07-17 00:08:30.388] : Das Spiel wurde beendet
[2014-07-17 00:08:30.392] : Rom: 15
[2014-07-17 00:08:30.392] : Kathargo: 10
